{"id": "0", "time": 194.5914, "angles": {"pitch": 0.15859, "yaw": 0.80368, "roll": 0.09424}}
{"id": "0", "time": 194.64006, "angles": {"pitch": 0.15884, "yaw": 0.8024, "roll": 0.09312}}
{"id": "0", "time": 194.68866, "angles": {"pitch": 0.15855, "yaw": 0.80429, "roll": 0.09442}}
{"id": "0", "time": 194.74121, "angles": {"pitch": 0.15797, "yaw": 0.8038, "roll": 0.09353}}
{"id": "0", "time": 194.78985, "angles": {"pitch": 0.15838, "yaw": 0.80347, "roll": 0.0934}}
{"id": "0", "time": 194.83795, "angles": {"pitch": 0.15779, "yaw": 0.80297, "roll": 0.09334}}
{"id": "0", "time": 194.89022, "angles": {"pitch": 0.158, "yaw": 0.80271, "roll": 0.09295}}
{"id": "0", "time": 194.9386, "angles": {"pitch": 0.15858, "yaw": 0.80283, "roll": 0.09372}}
{"id": "0", "time": 194.99115, "angles": {"pitch": 0.1587, "yaw": 0.80312, "roll": 0.09391}}
{"id": "0", "time": 195.0398, "angles": {"pitch": 0.15772, "yaw": 0.8035, "roll": 0.09308}}
{"id": "0", "time": 195.08845, "angles": {"pitch": 0.15819, "yaw": 0.80374, "roll": 0.09354}}
{"id": "0", "time": 195.14097, "angles": {"pitch": 0.15804, "yaw": 0.80401, "roll": 0.09253}}
{"id": "0", "time": 195.18962, "angles": {"pitch": 0.15896, "yaw": 0.80366, "roll": 0.09362}}
{"id": "0", "time": 195.23826, "angles": {"pitch": 0.1594, "yaw": 0.80422, "roll": 0.09368}}
{"id": "0", "time": 195.2908, "angles": {"pitch": 0.15858, "yaw": 0.80301, "roll": 0.09244}}
{"id": "0", "time": 195.3389, "angles": {"pitch": 0.16025, "yaw": 0.80203, "roll": 0.09325}}
{"id": "0", "time": 195.39123, "angles": {"pitch": 0.15885, "yaw": 0.80353, "roll": 0.09334}}
{"id": "0", "time": 195.4396, "angles": {"pitch": 0.15885, "yaw": 0.80434, "roll": 0.09433}}
{"id": "0", "time": 195.48824, "angles": {"pitch": 0.15999, "yaw": 0.80353, "roll": 0.09404}}
{"id": "0", "time": 195.54076, "angles": {"pitch": 0.159, "yaw": 0.80286, "roll": 0.0932}}
{"id": "0", "time": 195.58918, "angles": {"pitch": 0.15903, "yaw": 0.80314, "roll": 0.09289}}
{"id": "0", "time": 195.64121, "angles": {"pitch": 0.15849, "yaw": 0.80286, "roll": 0.09243}}
{"id": "0", "time": 195.68962, "angles": {"pitch": 0.15842, "yaw": 0.80356, "roll": 0.09321}}
{"id": "0", "time": 195.73802, "angles": {"pitch": 0.15799, "yaw": 0.80448, "roll": 0.09286}}
{"id": "0", "time": 195.79032, "angles": {"pitch": 0.15869, "yaw": 0.8032, "roll": 0.09307}}
{"id": "0", "time": 195.83897, "angles": {"pitch": 0.15914, "yaw": 0.80175, "roll": 0.09237}}
{"id": "0", "time": 195.89152, "angles": {"pitch": 0.15969, "yaw": 0.80216, "roll": 0.09291}}
{"id": "0", "time": 195.93967, "angles": {"pitch": 0.15924, "yaw": 0.80245, "roll": 0.09268}}
{"id": "0", "time": 195.98807, "angles": {"pitch": 0.15886, "yaw": 0.80162, "roll": 0.09231}}
{"id": "0", "time": 196.04016, "angles": {"pitch": 0.16001, "yaw": 0.802, "roll": 0.09317}}
{"id": "0", "time": 196.0888, "angles": {"pitch": 0.15879, "yaw": 0.80211, "roll": 0.09275}}
{"id": "0", "time": 196.1411, "angles": {"pitch": 0.15962, "yaw": 0.80284, "roll": 0.09351}}
{"id": "0", "time": 196.1897, "angles": {"pitch": 0.15958, "yaw": 0.80317, "roll": 0.09378}}
{"id": "0", "time": 196.23835, "angles": {"pitch": 0.15917, "yaw": 0.80285, "roll": 0.09324}}
{"id": "0", "time": 196.29036, "angles": {"pitch": 0.15826, "yaw": 0.80289, "roll": 0.09269}}
{"id": "0", "time": 196.33876, "angles": {"pitch": 0.15875, "yaw": 0.80314, "roll": 0.09311}}
{"id": "0", "time": 196.39106, "angles": {"pitch": 0.15999, "yaw": 0.80287, "roll": 0.0939}}
{"id": "0", "time": 196.43946, "angles": {"pitch": 0.15915, "yaw": 0.80261, "roll": 0.09379}}
{"id": "0", "time": 196.49175, "angles": {"pitch": 0.15879, "yaw": 0.80194, "roll": 0.09291}}
{"id": "0", "time": 196.54037, "angles": {"pitch": 0.16037, "yaw": 0.8014, "roll": 0.09363}}
{"id": "0", "time": 196.58901, "angles": {"pitch": 0.15813, "yaw": 0.80322, "roll": 0.09334}}
{"id": "0", "time": 196.64126, "angles": {"pitch": 0.15782, "yaw": 0.80381, "roll": 0.09332}}
{"id": "0", "time": 196.6894, "angles": {"pitch": 0.15841, "yaw": 0.80366, "roll": 0.0937}}
{"id": "0", "time": 196.74171, "angles": {"pitch": 0.1587, "yaw": 0.80372, "roll": 0.0942}}
{"id": "0", "time": 196.79009, "angles": {"pitch": 0.15931, "yaw": 0.80359, "roll": 0.09487}}
{"id": "0", "time": 196.83872, "angles": {"pitch": 0.15894, "yaw": 0.80332, "roll": 0.09424}}
{"id": "0", "time": 196.89124, "angles": {"pitch": 0.15874, "yaw": 0.80378, "roll": 0.09417}}
{"id": "0", "time": 196.93988, "angles": {"pitch": 0.15767, "yaw": 0.8035, "roll": 0.09374}}
{"id": "0", "time": 196.98804, "angles": {"pitch": 0.15818, "yaw": 0.80409, "roll": 0.09425}}
{"id": "0", "time": 197.04013, "angles": {"pitch": 0.15783, "yaw": 0.8035, "roll": 0.09289}}
{"id": "0", "time": 197.08854, "angles": {"pitch": 0.15879, "yaw": 0.80332, "roll": 0.09403}}
{"id": "0", "time": 197.14084, "angles": {"pitch": 0.15776, "yaw": 0.80442, "roll": 0.09415}}
{"id": "0", "time": 197.18947, "angles": {"pitch": 0.15783, "yaw": 0.80396, "roll": 0.09421}}
{"id": "0", "time": 197.23812, "angles": {"pitch": 0.15834, "yaw": 0.80317, "roll": 0.09428}}
{"id": "0", "time": 197.29066, "angles": {"pitch": 0.15841, "yaw": 0.80366, "roll": 0.0943}}
{"id": "0", "time": 197.33932, "angles": {"pitch": 0.15816, "yaw": 0.80208, "roll": 0.09308}}
{"id": "0", "time": 197.38799, "angles": {"pitch": 0.15814, "yaw": 0.80394, "roll": 0.0943}}
{"id": "0", "time": 197.44058, "angles": {"pitch": 0.15789, "yaw": 0.80349, "roll": 0.09539}}
{"id": "0", "time": 197.48904, "angles": {"pitch": 0.15502, "yaw": 0.80391, "roll": 0.09615}}
{"id": "0", "time": 197.54142, "angles": {"pitch": 0.1552, "yaw": 0.80344, "roll": 0.09572}}
{"id": "0", "time": 197.58987, "angles": {"pitch": 0.15432, "yaw": 0.80181, "roll": 0.09619}}
{"id": "0", "time": 197.63824, "angles": {"pitch": 0.15492, "yaw": 0.80162, "roll": 0.09548}}
{"id": "0", "time": 197.69078, "angles": {"pitch": 0.15521, "yaw": 0.80282, "roll": 0.0954}}
{"id": "0", "time": 197.73941, "angles": {"pitch": 0.15578, "yaw": 0.80202, "roll": 0.09475}}
{"id": "0", "time": 197.79147, "angles": {"pitch": 0.15681, "yaw": 0.80241, "roll": 0.09579}}
{"id": "0", "time": 197.8396, "angles": {"pitch": 0.15659, "yaw": 0.80214, "roll": 0.09516}}
{"id": "0", "time": 197.88797, "angles": {"pitch": 0.15576, "yaw": 0.80345, "roll": 0.09537}}
{"id": "0", "time": 197.94049, "angles": {"pitch": 0.15647, "yaw": 0.80385, "roll": 0.09598}}
{"id": "0", "time": 197.98889, "angles": {"pitch": 0.1559, "yaw": 0.80417, "roll": 0.09592}}
{"id": "0", "time": 198.04141, "angles": {"pitch": 0.15585, "yaw": 0.80302, "roll": 0.0954}}
{"id": "0", "time": 198.09, "angles": {"pitch": 0.1557, "yaw": 0.8038, "roll": 0.0963}}
{"id": "0", "time": 198.13806, "angles": {"pitch": 0.15593, "yaw": 0.80282, "roll": 0.09582}}
{"id": "0", "time": 198.19038, "angles": {"pitch": 0.15609, "yaw": 0.80145, "roll": 0.09546}}
{"id": "0", "time": 198.23876, "angles": {"pitch": 0.15471, "yaw": 0.80098, "roll": 0.09441}}
{"id": "0", "time": 198.29106, "angles": {"pitch": 0.1544, "yaw": 0.8027, "roll": 0.09487}}
{"id": "0", "time": 198.33947, "angles": {"pitch": 0.15312, "yaw": 0.80586, "roll": 0.0962}}
{"id": "0", "time": 198.38806, "angles": {"pitch": 0.15346, "yaw": 0.80565, "roll": 0.09569}}
{"id": "0", "time": 198.44059, "angles": {"pitch": 0.15341, "yaw": 0.80506, "roll": 0.09515}}
{"id": "0", "time": 198.48893, "angles": {"pitch": 0.15366, "yaw": 0.80574, "roll": 0.09518}}
{"id": "0", "time": 198.54101, "angles": {"pitch": 0.15078, "yaw": 0.80912, "roll": 0.09539}}
{"id": "0", "time": 198.58925, "angles": {"pitch": 0.14062, "yaw": 0.8092, "roll": 0.09505}}
{"id": "0", "time": 198.63798, "angles": {"pitch": 0.14217, "yaw": 0.80831, "roll": 0.09325}}
{"id": "0", "time": 198.69063, "angles": {"pitch": 0.1414, "yaw": 0.8062, "roll": 0.09052}}
{"id": "0", "time": 198.73935, "angles": {"pitch": 0.14198, "yaw": 0.80222, "roll": 0.0878}}
{"id": "0", "time": 198.78807, "angles": {"pitch": 0.14322, "yaw": 0.80123, "roll": 0.08514}}
{"id": "0", "time": 198.84069, "angles": {"pitch": 0.14312, "yaw": 0.80012, "roll": 0.08638}}
{"id": "0", "time": 198.88933, "angles": {"pitch": 0.14816, "yaw": 0.79471, "roll": 0.08678}}
{"id": "0", "time": 198.94169, "angles": {"pitch": 0.14786, "yaw": 0.79292, "roll": 0.0878}}
{"id": "0", "time": 198.98991, "angles": {"pitch": 0.15, "yaw": 0.79056, "roll": 0.08811}}
{"id": "0", "time": 199.03811, "angles": {"pitch": 0.15239, "yaw": 0.78938, "roll": 0.08845}}
{"id": "0", "time": 199.09068, "angles": {"pitch": 0.15197, "yaw": 0.78753, "roll": 0.09038}}
{"id": "0", "time": 199.13911, "angles": {"pitch": 0.15405, "yaw": 0.78711, "roll": 0.08977}}
{"id": "0", "time": 199.19167, "angles": {"pitch": 0.15399, "yaw": 0.78518, "roll": 0.09126}}
{"id": "0", "time": 199.24038, "angles": {"pitch": 0.15532, "yaw": 0.78422, "roll": 0.09067}}
{"id": "0", "time": 199.28908, "angles": {"pitch": 0.15496, "yaw": 0.78432, "roll": 0.09081}}
{"id": "0", "time": 199.34167, "angles": {"pitch": 0.15449, "yaw": 0.78381, "roll": 0.09121}}
{"id": "0", "time": 199.39038, "angles": {"pitch": 0.15608, "yaw": 0.78415, "roll": 0.09219}}
{"id": "0", "time": 199.43885, "angles": {"pitch": 0.15488, "yaw": 0.78423, "roll": 0.09317}}
{"id": "0", "time": 199.49095, "angles": {"pitch": 0.15536, "yaw": 0.78511, "roll": 0.09299}}
{"id": "0", "time": 199.53943, "angles": {"pitch": 0.15371, "yaw": 0.78556, "roll": 0.09324}}
{"id": "0", "time": 199.58791, "angles": {"pitch": 0.15394, "yaw": 0.78559, "roll": 0.09274}}
{"id": "0", "time": 199.64051, "angles": {"pitch": 0.1547, "yaw": 0.78598, "roll": 0.09333}}
{"id": "0", "time": 199.68916, "angles": {"pitch": 0.15375, "yaw": 0.7862, "roll": 0.09323}}
{"id": "0", "time": 199.73789, "angles": {"pitch": 0.15415, "yaw": 0.78657, "roll": 0.09219}}
{"id": "0", "time": 199.79052, "angles": {"pitch": 0.15384, "yaw": 0.78735, "roll": 0.09332}}
{"id": "0", "time": 199.83921, "angles": {"pitch": 0.15336, "yaw": 0.78851, "roll": 0.09296}}
{"id": "0", "time": 199.89153, "angles": {"pitch": 0.15222, "yaw": 0.78842, "roll": 0.09359}}
{"id": "0", "time": 199.93975, "angles": {"pitch": 0.1529, "yaw": 0.78803, "roll": 0.0926}}
{"id": "0", "time": 199.98842, "angles": {"pitch": 0.15251, "yaw": 0.78861, "roll": 0.09343}}
{"id": "0", "time": 200.04087, "angles": {"pitch": 0.15286, "yaw": 0.78937, "roll": 0.09388}}
{"id": "0", "time": 200.0896, "angles": {"pitch": 0.15266, "yaw": 0.78901, "roll": 0.09283}}
{"id": "0", "time": 200.13829, "angles": {"pitch": 0.15262, "yaw": 0.78964, "roll": 0.09366}}
{"id": "0", "time": 200.19095, "angles": {"pitch": 0.15349, "yaw": 0.78907, "roll": 0.09249}}
{"id": "0", "time": 200.23959, "angles": {"pitch": 0.15339, "yaw": 0.78907, "roll": 0.09333}}
{"id": "0", "time": 200.2883, "angles": {"pitch": 0.1528, "yaw": 0.78929, "roll": 0.09253}}
{"id": "0", "time": 200.34044, "angles": {"pitch": 0.15247, "yaw": 0.79072, "roll": 0.0939}}
{"id": "0", "time": 200.38865, "angles": {"pitch": 0.1528, "yaw": 0.78941, "roll": 0.09349}}
{"id": "0", "time": 200.44074, "angles": {"pitch": 0.15338, "yaw": 0.78859, "roll": 0.09367}}
{"id": "0", "time": 200.48943, "angles": {"pitch": 0.15256, "yaw": 0.78802, "roll": 0.0934}}
{"id": "0", "time": 200.53812, "angles": {"pitch": 0.15318, "yaw": 0.78795, "roll": 0.09269}}
{"id": "0", "time": 200.59071, "angles": {"pitch": 0.15367, "yaw": 0.78828, "roll": 0.09377}}
{"id": "0", "time": 200.63936, "angles": {"pitch": 0.1536, "yaw": 0.78834, "roll": 0.09283}}
{"id": "0", "time": 200.68809, "angles": {"pitch": 0.15358, "yaw": 0.78818, "roll": 0.09285}}
{"id": "0", "time": 200.74069, "angles": {"pitch": 0.15329, "yaw": 0.7875, "roll": 0.09223}}
{"id": "0", "time": 200.78912, "angles": {"pitch": 0.1536, "yaw": 0.78788, "roll": 0.09254}}
{"id": "0", "time": 200.84146, "angles": {"pitch": 0.15344, "yaw": 0.7871, "roll": 0.09294}}
{"id": "0", "time": 200.88964, "angles": {"pitch": 0.15331, "yaw": 0.78819, "roll": 0.09245}}
{"id": "0", "time": 200.93807, "angles": {"pitch": 0.15215, "yaw": 0.78871, "roll": 0.0927}}
{"id": "0", "time": 200.99064, "angles": {"pitch": 0.15245, "yaw": 0.78989, "roll": 0.09311}}
{"id": "0", "time": 201.03935, "angles": {"pitch": 0.1518, "yaw": 0.79083, "roll": 0.0924}}
{"id": "0", "time": 201.09168, "angles": {"pitch": 0.1524, "yaw": 0.79009, "roll": 0.0917}}
{"id": "0", "time": 201.13988, "angles": {"pitch": 0.15232, "yaw": 0.78989, "roll": 0.09108}}
{"id": "0", "time": 201.1881, "angles": {"pitch": 0.15836, "yaw": 0.79642, "roll": 0.10933}}
{"id": "0", "time": 201.24027, "angles": {"pitch": 0.13915, "yaw": 0.92616, "roll": 0.12003}}
{"id": "0", "time": 201.2888, "angles": {"pitch": 0.12617, "yaw": 1.02023, "roll": 0.12637}}
{"id": "0", "time": 201.34147, "angles": {"pitch": 0.10529, "yaw": 1.12545, "roll": 0.12678}}
{"id": "0", "time": 201.39019, "angles": {"pitch": 0.09297, "yaw": 1.18375, "roll": 0.12728}}
{"id": "0", "time": 201.43896, "angles": {"pitch": 0.08324, "yaw": 1.24061, "roll": 0.13936}}
{"id": "0", "time": 201.4878, "angles": {"pitch": 0.07935, "yaw": 1.29829, "roll": 0.1569}}
{"id": "0", "time": 201.54049, "angles": {"pitch": 0.0563, "yaw": 1.35217, "roll": 0.12936}}
{"id": "0", "time": 201.58877, "angles": {"pitch": 0.0525, "yaw": 1.39061, "roll": 0.11502}}
{"id": "0", "time": 201.64098, "angles": {"pitch": 0.04662, "yaw": 1.41625, "roll": 0.11733}}
{"id": "0", "time": 201.68922, "angles": {"pitch": 0.07503, "yaw": 1.43263, "roll": 0.12806}}
{"id": "0", "time": 201.74165, "angles": {"pitch": 0.08771, "yaw": 1.4571, "roll": 0.13011}}
{"id": "0", "time": 201.79041, "angles": {"pitch": 0.11824, "yaw": 1.46981, "roll": 0.13515}}
{"id": "0", "time": 201.83919, "angles": {"pitch": 0.15462, "yaw": 1.48049, "roll": 0.14441}}
{"id": "0", "time": 201.88797, "angles": {"pitch": 0.20424, "yaw": 1.49778, "roll": 0.15905}}
{"id": "0", "time": 201.94066, "angles": {"pitch": 0.26477, "yaw": 1.51079, "roll": 0.15411}}
{"id": "0", "time": 201.98939, "angles": {"pitch": 0.31046, "yaw": 1.52147, "roll": 0.15274}}
{"id": "0", "time": 202.04153, "angles": {"pitch": 0.36377, "yaw": 1.54171, "roll": 0.16003}}
{"id": "0", "time": 202.08978, "angles": {"pitch": 0.40552, "yaw": 1.54154, "roll": 0.15378}}
{"id": "0", "time": 202.13805, "angles": {"pitch": 0.49131, "yaw": 1.55128, "roll": 0.14721}}
{"id": "0", "time": 202.19057, "angles": {"pitch": 0.59413, "yaw": 1.55864, "roll": 0.14214}}
{"id": "0", "time": 202.2392, "angles": {"pitch": 0.63497, "yaw": 1.53734, "roll": 0.12086}}
{"id": "0", "time": 202.28806, "angles": {"pitch": 0.67244, "yaw": 1.52103, "roll": 0.10518}}
{"id": "0", "time": 202.34087, "angles": {"pitch": 0.716, "yaw": 1.49738, "roll": 0.08007}}
{"id": "0", "time": 202.38975, "angles": {"pitch": 0.75641, "yaw": 1.48715, "roll": 0.06561}}
{"id": "0", "time": 202.43861, "angles": {"pitch": 0.7847, "yaw": 1.46672, "roll": 0.04102}}
{"id": "0", "time": 202.49142, "angles": {"pitch": 0.84825, "yaw": 1.41255, "roll": -0.00222}}
{"id": "0", "time": 202.54029, "angles": {"pitch": 0.88291, "yaw": 1.39654, "roll": -0.00445}}
{"id": "0", "time": 202.58911, "angles": {"pitch": 0.87262, "yaw": 1.39262, "roll": -0.0092}}
{"id": "0", "time": 202.63799, "angles": {"pitch": 0.82962, "yaw": 1.40184, "roll": -0.01232}}
{"id": "0", "time": 202.69081, "angles": {"pitch": 0.7314, "yaw": 1.42288, "roll": -0.0054}}
{"id": "0", "time": 202.73974, "angles": {"pitch": 0.61646, "yaw": 1.42067, "roll": 0.00375}}
{"id": "0", "time": 202.78864, "angles": {"pitch": 0.54749, "yaw": 1.42243, "roll": 0.02189}}
{"id": "0", "time": 202.84119, "angles": {"pitch": 0.4442, "yaw": 1.39338, "roll": 0.0142}}
{"id": "0", "time": 202.88947, "angles": {"pitch": 0.33821, "yaw": 1.39952, "roll": 0.04496}}
{"id": "0", "time": 202.94161, "angles": {"pitch": 0.30891, "yaw": 1.41349, "roll": 0.06753}}
{"id": "0", "time": 202.99014, "angles": {"pitch": 0.26043, "yaw": 1.42132, "roll": 0.08915}}
{"id": "0", "time": 203.03865, "angles": {"pitch": 0.16328, "yaw": 1.4521, "roll": 0.11851}}
{"id": "0", "time": 203.09128, "angles": {"pitch": 0.13287, "yaw": 1.46803, "roll": 0.12704}}
{"id": "0", "time": 203.13999, "angles": {"pitch": 0.09789, "yaw": 1.48882, "roll": 0.13186}}
{"id": "0", "time": 203.18877, "angles": {"pitch": 0.07007, "yaw": 1.51841, "roll": 0.1371}}
{"id": "0", "time": 203.24147, "angles": {"pitch": 0.06439, "yaw": 1.54749, "roll": 0.09029}}
{"id": "0", "time": 203.29005, "angles": {"pitch": 0.08395, "yaw": 1.58858, "roll": 0.06181}}
{"id": "0", "time": 203.33889, "angles": {"pitch": 0.07821, "yaw": 1.61202, "roll": 0.05354}}
{"id": "0", "time": 203.38777, "angles": {"pitch": 0.049, "yaw": 1.60376, "roll": 0.04835}}
{"id": "0", "time": 203.44028, "angles": {"pitch": 0.0601, "yaw": 1.60853, "roll": 0.05553}}
{"id": "0", "time": 203.48867, "angles": {"pitch": 0.08571, "yaw": 1.61294, "roll": 0.0657}}
{"id": "0", "time": 203.54148, "angles": {"pitch": 0.02325, "yaw": 1.55218, "roll": 0.0169}}
{"id": "0", "time": 203.59033, "angles": {"pitch": -0.08098, "yaw": 1.51508, "roll": 0.0117}}
{"id": "0", "time": 203.63907, "angles": {"pitch": -0.18745, "yaw": 1.5158, "roll": 0.03783}}
{"id": "0", "time": 203.69149, "angles": {"pitch": -0.25126, "yaw": 1.52833, "roll": 0.03502}}
{"id": "0", "time": 203.74026, "angles": {"pitch": -0.27214, "yaw": 1.53145, "roll": 0.01737}}
{"id": "0", "time": 203.78903, "angles": {"pitch": -0.27503, "yaw": 1.52491, "roll": 0.01302}}
{"id": "0", "time": 203.83785, "angles": {"pitch": -0.22633, "yaw": 1.51712, "roll": -0.02022}}
{"id": "0", "time": 203.89058, "angles": {"pitch": -0.18918, "yaw": 1.46247, "roll": -0.04895}}
{"id": "0", "time": 203.93937, "angles": {"pitch": -0.17745, "yaw": 1.41719, "roll": -0.04058}}
{"id": "0", "time": 203.98816, "angles": {"pitch": -0.13282, "yaw": 1.38301, "roll": -0.02739}}
{"id": "0", "time": 204.0409, "angles": {"pitch": -0.09332, "yaw": 1.35452, "roll": -0.02165}}
{"id": "0", "time": 204.08953, "angles": {"pitch": -0.0465, "yaw": 1.37741, "roll": 0.01322}}
{"id": "0", "time": 204.13815, "angles": {"pitch": -0.019, "yaw": 1.48749, "roll": 0.0238}}
{"id": "0", "time": 204.19087, "angles": {"pitch": -0.01824, "yaw": 1.61536, "roll": 0.04079}}
{"id": "0", "time": 204.23975, "angles": {"pitch": -0.0266, "yaw": 1.74169, "roll": 0.07004}}
{"id": "0", "time": 204.28809, "angles": {"pitch": -0.036, "yaw": 1.86784, "roll": 0.09099}}
{"id": "0", "time": 204.34034, "angles": {"pitch": -0.04459, "yaw": 1.98078, "roll": 0.12159}}
{"id": "0", "time": 204.38903, "angles": {"pitch": -0.02904, "yaw": 2.07752, "roll": 0.11928}}
{"id": "0", "time": 204.43791, "angles": {"pitch": -0.04325, "yaw": 2.10968, "roll": 0.08612}}
{"id": "0", "time": 204.49068, "angles": {"pitch": -0.04211, "yaw": 2.1244, "roll": 0.08254}}
{"id": "0", "time": 204.53958, "angles": {"pitch": -0.05028, "yaw": 2.13969, "roll": 0.06977}}
{"id": "0", "time": 204.58845, "angles": {"pitch": -0.05213, "yaw": 2.14102, "roll": 0.07}}
{"id": "0", "time": 204.64118, "angles": {"pitch": -0.05229, "yaw": 2.14212, "roll": 0.08459}}
{"id": "0", "time": 204.69, "angles": {"pitch": -0.06137, "yaw": 2.13657, "roll": 0.09101}}
{"id": "0", "time": 204.739, "angles": {"pitch": -0.04228, "yaw": 1.94659, "roll": 0.10576}}
{"id": "0", "time": 204.78797, "angles": {"pitch": -0.02559, "yaw": 1.77628, "roll": 0.107}}
{"id": "0", "time": 204.84073, "angles": {"pitch": -0.00392, "yaw": 1.66866, "roll": 0.09579}}
{"id": "0", "time": 204.88961, "angles": {"pitch": 0.01326, "yaw": 1.56727, "roll": 0.06893}}
{"id": "0", "time": 204.9384, "angles": {"pitch": 0.03022, "yaw": 1.47945, "roll": 0.0482}}
{"id": "0", "time": 204.99108, "angles": {"pitch": 0.04212, "yaw": 1.40838, "roll": 0.0342}}
{"id": "0", "time": 205.0399, "angles": {"pitch": 0.05304, "yaw": 1.37566, "roll": 0.01061}}
{"id": "0", "time": 205.0887, "angles": {"pitch": 0.05518, "yaw": 1.37142, "roll": -0.00444}}
{"id": "0", "time": 205.14118, "angles": {"pitch": 0.05958, "yaw": 1.36061, "roll": -0.02074}}
{"id": "0", "time": 205.18943, "angles": {"pitch": 0.06173, "yaw": 1.35512, "roll": -0.0157}}
{"id": "0", "time": 205.23781, "angles": {"pitch": 0.06909, "yaw": 1.44175, "roll": 0.03166}}
{"id": "0", "time": 205.29069, "angles": {"pitch": 0.04131, "yaw": 1.67, "roll": 0.07953}}
{"id": "0", "time": 205.33967, "angles": {"pitch": 0.01829, "yaw": 1.85352, "roll": 0.10578}}
{"id": "0", "time": 205.38855, "angles": {"pitch": 0.00589, "yaw": 1.98407, "roll": 0.11133}}
{"id": "0", "time": 205.44135, "angles": {"pitch": -0.03694, "yaw": 2.04781, "roll": 0.07405}}
{"id": "0", "time": 205.49023, "angles": {"pitch": -0.04965, "yaw": 2.02485, "roll": 0.06809}}
{"id": "0", "time": 205.53919, "angles": {"pitch": -0.02806, "yaw": 1.79882, "roll": 0.08693}}
{"id": "0", "time": 205.5881, "angles": {"pitch": 0.01457, "yaw": 1.66057, "roll": 0.13477}}
{"id": "0", "time": 205.64088, "angles": {"pitch": 0.02007, "yaw": 1.65667, "roll": 0.11663}}
{"id": "0", "time": 205.68953, "angles": {"pitch": 0.02568, "yaw": 1.64833, "roll": 0.09381}}
{"id": "0", "time": 205.73836, "angles": {"pitch": 0.02735, "yaw": 1.63968, "roll": 0.0934}}
{"id": "0", "time": 205.79117, "angles": {"pitch": 0.02207, "yaw": 1.65036, "roll": 0.07086}}
{"id": "0", "time": 205.84006, "angles": {"pitch": 0.02422, "yaw": 1.64088, "roll": 0.0097}}
{"id": "0", "time": 205.88897, "angles": {"pitch": 0.029, "yaw": 1.61265, "roll": -0.10225}}
{"id": "0", "time": 205.93792, "angles": {"pitch": 0.02959, "yaw": 1.59526, "roll": -0.19692}}
{"id": "0", "time": 205.99082, "angles": {"pitch": 0.03957, "yaw": 1.56547, "roll": -0.30018}}
{"id": "0", "time": 206.03972, "angles": {"pitch": 0.05152, "yaw": 1.54814, "roll": -0.37012}}
{"id": "0", "time": 206.08857, "angles": {"pitch": 0.04898, "yaw": 1.53828, "roll": -0.41419}}
{"id": "0", "time": 206.14142, "angles": {"pitch": 0.05295, "yaw": 1.52147, "roll": -0.49377}}
{"id": "0", "time": 206.19031, "angles": {"pitch": 0.05198, "yaw": 1.51935, "roll": -0.52849}}
{"id": "0", "time": 206.23916, "angles": {"pitch": 0.0472, "yaw": 1.52379, "roll": -0.48027}}
{"id": "0", "time": 206.29145, "angles": {"pitch": 0.03758, "yaw": 1.53429, "roll": -0.3864}}
{"id": "0", "time": 206.34032, "angles": {"pitch": 0.03509, "yaw": 1.54163, "roll": -0.29448}}
{"id": "0", "time": 206.38917, "angles": {"pitch": 0.00982, "yaw": 1.54961, "roll": -0.17535}}
{"id": "0", "time": 206.43774, "angles": {"pitch": -0.02112, "yaw": 1.55097, "roll": -0.06984}}
{"id": "0", "time": 206.48994, "angles": {"pitch": -0.02221, "yaw": 1.56057, "roll": 0.00494}}
{"id": "0", "time": 206.53845, "angles": {"pitch": -0.02217, "yaw": 1.56766, "roll": 0.04045}}
{"id": "0", "time": 206.59092, "angles": {"pitch": -0.00706, "yaw": 1.58558, "roll": 0.02423}}
{"id": "0", "time": 206.63983, "angles": {"pitch": 0.02352, "yaw": 1.58447, "roll": -0.09822}}
{"id": "0", "time": 206.68878, "angles": {"pitch": 0.02572, "yaw": 1.56777, "roll": -0.23477}}
{"id": "0", "time": 206.73771, "angles": {"pitch": 0.01883, "yaw": 1.55254, "roll": -0.39451}}
{"id": "0", "time": 206.79049, "angles": {"pitch": 0.02546, "yaw": 1.54133, "roll": -0.47069}}
{"id": "0", "time": 206.83938, "angles": {"pitch": 0.02802, "yaw": 1.52585, "roll": -0.56094}}
{"id": "0", "time": 206.88829, "angles": {"pitch": 0.03279, "yaw": 1.51657, "roll": -0.69634}}
{"id": "0", "time": 206.94109, "angles": {"pitch": 0.02682, "yaw": 1.51481, "roll": -0.70681}}
{"id": "0", "time": 206.98999, "angles": {"pitch": 0.02245, "yaw": 1.50766, "roll": -0.6408}}
{"id": "0", "time": 207.03888, "angles": {"pitch": 0.02821, "yaw": 1.50571, "roll": -0.56468}}
{"id": "0", "time": 207.08783, "angles": {"pitch": 0.03977, "yaw": 1.53206, "roll": -0.38996}}
{"id": "0", "time": 207.14061, "angles": {"pitch": 0.06791, "yaw": 1.55973, "roll": -0.23861}}
{"id": "0", "time": 207.18944, "angles": {"pitch": 0.05146, "yaw": 1.59089, "roll": -0.08466}}
{"id": "0", "time": 207.23831, "angles": {"pitch": 0.03658, "yaw": 1.60658, "roll": 0.09264}}
{"id": "0", "time": 207.2908, "angles": {"pitch": 0.03605, "yaw": 1.62667, "roll": 0.21308}}
{"id": "0", "time": 207.33916, "angles": {"pitch": 0.01273, "yaw": 1.62655, "roll": 0.32779}}
{"id": "0", "time": 207.39139, "angles": {"pitch": -0.0006, "yaw": 1.62244, "roll": 0.42674}}
{"id": "0", "time": 207.44002, "angles": {"pitch": -0.01837, "yaw": 1.62254, "roll": 0.47909}}
{"id": "0", "time": 207.48895, "angles": {"pitch": -0.03037, "yaw": 1.62475, "roll": 0.5013}}
{"id": "0", "time": 207.53783, "angles": {"pitch": 0.00985, "yaw": 1.64355, "roll": 0.39859}}
{"id": "0", "time": 207.59042, "angles": {"pitch": 0.07279, "yaw": 1.69631, "roll": 0.2355}}
{"id": "0", "time": 207.63935, "angles": {"pitch": 0.09154, "yaw": 1.73475, "roll": 0.17759}}
{"id": "0", "time": 207.68825, "angles": {"pitch": 0.137, "yaw": 1.75127, "roll": 0.08658}}
{"id": "0", "time": 207.74105, "angles": {"pitch": 0.20452, "yaw": 1.75391, "roll": -0.05069}}
{"id": "0", "time": 207.78997, "angles": {"pitch": 0.21427, "yaw": 1.74488, "roll": -0.15785}}
{"id": "0", "time": 207.83886, "angles": {"pitch": 0.18509, "yaw": 1.694, "roll": -0.3014}}
{"id": "0", "time": 207.88773, "angles": {"pitch": 0.17229, "yaw": 1.64368, "roll": -0.43465}}
{"id": "0", "time": 207.94056, "angles": {"pitch": 0.14175, "yaw": 1.6096, "roll": -0.53741}}
{"id": "0", "time": 207.98952, "angles": {"pitch": 0.10542, "yaw": 1.60418, "roll": -0.60021}}
{"id": "0", "time": 208.03845, "angles": {"pitch": 0.07913, "yaw": 1.6028, "roll": -0.68994}}
{"id": "0", "time": 208.09132, "angles": {"pitch": 0.05306, "yaw": 1.60411, "roll": -0.77852}}
{"id": "0", "time": 208.14026, "angles": {"pitch": 0.0325, "yaw": 1.60639, "roll": -0.8863}}
{"id": "0", "time": 208.18914, "angles": {"pitch": 0.02513, "yaw": 1.6092, "roll": -0.93451}}
{"id": "0", "time": 208.23798, "angles": {"pitch": -0.0139, "yaw": 1.62398, "roll": -0.86085}}
{"id": "0", "time": 208.29087, "angles": {"pitch": -0.03589, "yaw": 1.63906, "roll": -0.6164}}
{"id": "0", "time": 208.33984, "angles": {"pitch": -0.08518, "yaw": 1.62353, "roll": -0.31732}}
{"id": "0", "time": 208.38875, "angles": {"pitch": -0.12719, "yaw": 1.60403, "roll": -0.09517}}
{"id": "0", "time": 208.44131, "angles": {"pitch": -0.14323, "yaw": 1.5891, "roll": 0.05015}}
{"id": "0", "time": 208.4902, "angles": {"pitch": -0.14918, "yaw": 1.60087, "roll": 0.18075}}
{"id": "0", "time": 208.53908, "angles": {"pitch": -0.15813, "yaw": 1.62361, "roll": 0.29213}}
{"id": "0", "time": 208.5877, "angles": {"pitch": -0.16921, "yaw": 1.64349, "roll": 0.29694}}
{"id": "0", "time": 208.64027, "angles": {"pitch": -0.16494, "yaw": 1.65584, "roll": 0.10708}}
{"id": "0", "time": 208.68915, "angles": {"pitch": -0.17816, "yaw": 1.67087, "roll": -0.14543}}
{"id": "0", "time": 208.73806, "angles": {"pitch": -0.1902, "yaw": 1.69274, "roll": -0.33722}}
{"id": "0", "time": 208.79066, "angles": {"pitch": -0.19914, "yaw": 1.70003, "roll": -0.52838}}
{"id": "0", "time": 208.83962, "angles": {"pitch": -0.2174, "yaw": 1.71509, "roll": -0.70781}}
{"id": "0", "time": 208.88852, "angles": {"pitch": -0.23932, "yaw": 1.73337, "roll": -0.86023}}
{"id": "0", "time": 208.94132, "angles": {"pitch": -0.25095, "yaw": 1.77781, "roll": -1.04583}}
{"id": "0", "time": 208.99021, "angles": {"pitch": -0.24807, "yaw": 1.808, "roll": -1.17625}}
{"id": "0", "time": 209.03889, "angles": {"pitch": -0.24257, "yaw": 1.84068, "roll": -1.31465}}
{"id": "0", "time": 209.08787, "angles": {"pitch": -0.21619, "yaw": 1.8783, "roll": -1.48021}}
{"id": "0", "time": 209.14077, "angles": {"pitch": -0.20762, "yaw": 1.95398, "roll": -1.76969}}
{"id": "0", "time": 209.18955, "angles": {"pitch": -0.19047, "yaw": 1.96456, "roll": -2.19007}}
{"id": "0", "time": 209.23835, "angles": {"pitch": -0.14845, "yaw": 2.00727, "roll": -2.55886}}
{"id": "0", "time": 209.29127, "angles": {"pitch": -0.11758, "yaw": 1.98565, "roll": -2.61533}}
{"id": "0", "time": 209.34003, "angles": {"pitch": -0.12841, "yaw": 2.0391, "roll": -2.65698}}
{"id": "0", "time": 209.38904, "angles": {"pitch": -0.11072, "yaw": 2.05228, "roll": -2.68326}}
{"id": "0", "time": 209.43808, "angles": {"pitch": -0.1094, "yaw": 2.0054, "roll": -2.72677}}
{"id": "0", "time": 209.49103, "angles": {"pitch": -0.11141, "yaw": 1.95566, "roll": -2.80019}}
{"id": "0", "time": 209.53999, "angles": {"pitch": -0.11174, "yaw": 1.92842, "roll": -2.89221}}
{"id": "0", "time": 209.58897, "angles": {"pitch": -0.1264, "yaw": 1.88733, "roll": -2.98795}}
{"id": "0", "time": 209.638, "angles": {"pitch": -0.13684, "yaw": 1.80976, "roll": -3.12042}}
{"id": "0", "time": 209.69097, "angles": {"pitch": -0.05283, "yaw": 1.74569, "roll": 2.99023}}
{"id": "0", "time": 209.74004, "angles": {"pitch": 0.01112, "yaw": 1.7243, "roll": 2.8727}}
{"id": "0", "time": 209.7888, "angles": {"pitch": 0.06225, "yaw": 1.67913, "roll": 2.8057}}
{"id": "0", "time": 209.83782, "angles": {"pitch": 0.09874, "yaw": 1.59285, "roll": 2.60391}}
{"id": "0", "time": 209.8907, "angles": {"pitch": 0.13543, "yaw": 1.54324, "roll": 2.49094}}
{"id": "0", "time": 209.93936, "angles": {"pitch": 0.14812, "yaw": 1.5593, "roll": 2.41464}}
{"id": "0", "time": 209.98836, "angles": {"pitch": 0.17247, "yaw": 1.57042, "roll": 2.28575}}
{"id": "0", "time": 210.04128, "angles": {"pitch": 0.20664, "yaw": 1.57796, "roll": 2.23337}}
{"id": "0", "time": 210.09024, "angles": {"pitch": 0.21142, "yaw": 1.59465, "roll": 2.14956}}
{"id": "0", "time": 210.13913, "angles": {"pitch": 0.19358, "yaw": 1.63027, "roll": 1.96762}}
{"id": "0", "time": 210.18808, "angles": {"pitch": 0.20549, "yaw": 1.61544, "roll": 1.77477}}
{"id": "0", "time": 210.24083, "angles": {"pitch": 0.21863, "yaw": 1.5999, "roll": 1.71094}}
{"id": "0", "time": 210.28975, "angles": {"pitch": 0.24327, "yaw": 1.56095, "roll": 1.58324}}
{"id": "0", "time": 210.33864, "angles": {"pitch": 0.22345, "yaw": 1.51458, "roll": 1.2322}}
{"id": "0", "time": 210.39147, "angles": {"pitch": 0.18935, "yaw": 1.5528, "roll": 1.13613}}
{"id": "0", "time": 210.44033, "angles": {"pitch": 0.21085, "yaw": 1.60079, "roll": 0.9176}}
{"id": "0", "time": 210.48931, "angles": {"pitch": 0.21376, "yaw": 1.60209, "roll": 0.73986}}
{"id": "0", "time": 210.53825, "angles": {"pitch": 0.20538, "yaw": 1.60571, "roll": 0.69825}}
{"id": "0", "time": 210.59115, "angles": {"pitch": 0.16442, "yaw": 1.63223, "roll": 0.57061}}
{"id": "0", "time": 210.64003, "angles": {"pitch": 0.14544, "yaw": 1.61856, "roll": 0.52512}}
{"id": "0", "time": 210.68893, "angles": {"pitch": 0.11252, "yaw": 1.62736, "roll": 0.4361}}
{"id": "0", "time": 210.73793, "angles": {"pitch": 0.07857, "yaw": 1.6297, "roll": 0.37346}}
{"id": "0", "time": 210.7908, "angles": {"pitch": 0.06006, "yaw": 1.64559, "roll": 0.32997}}
{"id": "0", "time": 210.8398, "angles": {"pitch": 0.09603, "yaw": 1.53924, "roll": 0.26644}}
{"id": "0", "time": 210.88863, "angles": {"pitch": 0.09007, "yaw": 1.52394, "roll": 0.26604}}
{"id": "0", "time": 210.94141, "angles": {"pitch": 0.04939, "yaw": 1.53157, "roll": 0.19866}}
{"id": "0", "time": 210.98978, "angles": {"pitch": 0.00271, "yaw": 1.53047, "roll": 0.09732}}
{"id": "0", "time": 211.03814, "angles": {"pitch": -0.01664, "yaw": 1.54152, "roll": -0.03751}}
{"id": "0", "time": 211.09093, "angles": {"pitch": -0.01158, "yaw": 1.57046, "roll": -0.24425}}
{"id": "0", "time": 211.13986, "angles": {"pitch": -0.00013, "yaw": 1.59152, "roll": -0.42915}}
{"id": "0", "time": 211.18881, "angles": {"pitch": 0.00671, "yaw": 1.60954, "roll": -0.61149}}
{"id": "0", "time": 211.23774, "angles": {"pitch": 0.02724, "yaw": 1.62903, "roll": -0.77099}}
{"id": "0", "time": 211.29035, "angles": {"pitch": 0.08433, "yaw": 1.62169, "roll": -0.94819}}
{"id": "0", "time": 211.33909, "angles": {"pitch": 0.1472, "yaw": 1.60085, "roll": -1.1488}}
{"id": "0", "time": 211.38807, "angles": {"pitch": 0.17439, "yaw": 1.58024, "roll": -1.37794}}
{"id": "0", "time": 211.44077, "angles": {"pitch": 0.19775, "yaw": 1.56875, "roll": -1.58034}}
{"id": "0", "time": 211.48969, "angles": {"pitch": 0.18255, "yaw": 1.56874, "roll": -1.76802}}
{"id": "0", "time": 211.53874, "angles": {"pitch": 0.1394, "yaw": 1.59256, "roll": -1.98637}}
{"id": "0", "time": 211.59113, "angles": {"pitch": 0.15105, "yaw": 1.59465, "roll": -2.09941}}
{"id": "0", "time": 211.64017, "angles": {"pitch": 0.19784, "yaw": 1.61695, "roll": -2.43072}}
{"id": "0", "time": 211.68921, "angles": {"pitch": 0.22458, "yaw": 1.61563, "roll": -2.656}}
{"id": "0", "time": 211.73827, "angles": {"pitch": 0.19142, "yaw": 1.6178, "roll": -2.64267}}
{"id": "0", "time": 211.7913, "angles": {"pitch": 0.12155, "yaw": 1.70132, "roll": -2.71124}}
{"id": "0", "time": 211.84046, "angles": {"pitch": -0.03089, "yaw": 1.80575, "roll": -2.72752}}
{"id": "0", "time": 211.88945, "angles": {"pitch": -0.05893, "yaw": 1.83631, "roll": -2.75638}}
{"id": "0", "time": 211.93845, "angles": {"pitch": -0.06913, "yaw": 1.80023, "roll": -2.76566}}
{"id": "0", "time": 211.99134, "angles": {"pitch": -0.0725, "yaw": 1.77976, "roll": -2.80055}}
{"id": "0", "time": 212.04012, "angles": {"pitch": -0.08539, "yaw": 1.7777, "roll": -2.81268}}
{"id": "0", "time": 212.08907, "angles": {"pitch": -0.0965, "yaw": 1.74674, "roll": -2.88277}}
{"id": "0", "time": 212.13784, "angles": {"pitch": -0.12531, "yaw": 1.7293, "roll": -3.05705}}
{"id": "0", "time": 212.1908, "angles": {"pitch": -0.17336, "yaw": 1.76183, "roll": 3.01671}}
{"id": "0", "time": 212.23982, "angles": {"pitch": -0.15586, "yaw": 1.785, "roll": 2.86472}}
{"id": "0", "time": 212.28855, "angles": {"pitch": -0.09403, "yaw": 1.79158, "roll": 2.65937}}
{"id": "0", "time": 212.33762, "angles": {"pitch": -0.04957, "yaw": 1.77153, "roll": 2.47734}}
{"id": "0", "time": 212.3903, "angles": {"pitch": -0.03903, "yaw": 1.77107, "roll": 2.34133}}
{"id": "0", "time": 212.43933, "angles": {"pitch": 0.00516, "yaw": 1.76995, "roll": 2.13354}}
{"id": "0", "time": 212.48828, "angles": {"pitch": 0.04783, "yaw": 1.71528, "roll": 1.87672}}
{"id": "0", "time": 212.54086, "angles": {"pitch": 0.05574, "yaw": 1.68272, "roll": 1.75159}}
{"id": "0", "time": 212.58952, "angles": {"pitch": 0.08915, "yaw": 1.63934, "roll": 1.6156}}
{"id": "0", "time": 212.63847, "angles": {"pitch": 0.12511, "yaw": 1.58304, "roll": 1.43039}}
{"id": "0", "time": 212.6913, "angles": {"pitch": 0.07319, "yaw": 1.55486, "roll": 1.23971}}
{"id": "0", "time": 212.74016, "angles": {"pitch": 0.06317, "yaw": 1.59186, "roll": 1.23388}}
{"id": "0", "time": 212.78907, "angles": {"pitch": 0.07167, "yaw": 1.61111, "roll": 1.17603}}
{"id": "0", "time": 212.83816, "angles": {"pitch": 0.06286, "yaw": 1.60738, "roll": 0.87697}}
{"id": "0", "time": 212.89098, "angles": {"pitch": 0.08684, "yaw": 1.58741, "roll": 0.86596}}
{"id": "0", "time": 212.93991, "angles": {"pitch": 0.08797, "yaw": 1.66962, "roll": 0.82331}}
{"id": "0", "time": 212.9887, "angles": {"pitch": 0.09319, "yaw": 1.68035, "roll": 0.81648}}
{"id": "0", "time": 213.03755, "angles": {"pitch": 0.08861, "yaw": 1.65825, "roll": 0.76728}}
{"id": "0", "time": 213.0903, "angles": {"pitch": 0.04187, "yaw": 1.61606, "roll": 0.60116}}
{"id": "0", "time": 213.13925, "angles": {"pitch": -0.02387, "yaw": 1.60806, "roll": 0.47001}}
{"id": "0", "time": 213.18823, "angles": {"pitch": 0.01142, "yaw": 1.5702, "roll": 0.3877}}
{"id": "0", "time": 213.24105, "angles": {"pitch": -0.04593, "yaw": 1.58049, "roll": 0.26346}}
{"id": "0", "time": 213.29002, "angles": {"pitch": -0.1257, "yaw": 1.6266, "roll": 0.163}}
{"id": "0", "time": 213.33892, "angles": {"pitch": -0.12271, "yaw": 1.62257, "roll": 0.06464}}
{"id": "0", "time": 213.38758, "angles": {"pitch": -0.09071, "yaw": 1.61111, "roll": -0.03083}}
{"id": "0", "time": 213.44043, "angles": {"pitch": -0.06792, "yaw": 1.57915, "roll": -0.0108}}
{"id": "0", "time": 213.48939, "angles": {"pitch": -0.03271, "yaw": 1.50077, "roll": 0.03738}}
{"id": "0", "time": 213.53824, "angles": {"pitch": -0.03032, "yaw": 1.47389, "roll": 0.01233}}
{"id": "0", "time": 213.59099, "angles": {"pitch": -0.00316, "yaw": 1.49972, "roll": -0.00803}}
{"id": "0", "time": 213.63992, "angles": {"pitch": 0.04704, "yaw": 1.6164, "roll": 0.03535}}
{"id": "0", "time": 213.68867, "angles": {"pitch": 0.09835, "yaw": 1.77468, "roll": 0.00112}}
{"id": "0", "time": 213.73764, "angles": {"pitch": 0.15971, "yaw": 1.90571, "roll": 0.04066}}
{"id": "0", "time": 213.79024, "angles": {"pitch": 0.17778, "yaw": 2.02107, "roll": 0.0783}}
{"id": "0", "time": 213.83897, "angles": {"pitch": 0.23384, "yaw": 2.12083, "roll": 0.09013}}
{"id": "0", "time": 213.88795, "angles": {"pitch": 0.21672, "yaw": 2.20737, "roll": 0.14133}}
{"id": "0", "time": 213.94065, "angles": {"pitch": 0.2375, "yaw": 2.24625, "roll": 0.1605}}
{"id": "0", "time": 213.9897, "angles": {"pitch": 0.2281, "yaw": 2.32774, "roll": 0.2362}}
{"id": "0", "time": 214.0387, "angles": {"pitch": 0.2231, "yaw": 2.39397, "roll": 0.26946}}
{"id": "0", "time": 214.09139, "angles": {"pitch": 0.20297, "yaw": 2.42747, "roll": 0.26363}}
{"id": "0", "time": 214.14051, "angles": {"pitch": 0.17548, "yaw": 2.37014, "roll": 0.19689}}
{"id": "0", "time": 214.18966, "angles": {"pitch": 0.09065, "yaw": 2.1826, "roll": 0.11596}}
{"id": "0", "time": 214.2386, "angles": {"pitch": 0.07025, "yaw": 2.10002, "roll": 0.08472}}
{"id": "0", "time": 214.29119, "angles": {"pitch": 0.04199, "yaw": 2.01505, "roll": 0.0431}}
{"id": "0", "time": 214.34011, "angles": {"pitch": -0.0199, "yaw": 1.99521, "roll": 0.07349}}
{"id": "0", "time": 214.38904, "angles": {"pitch": -0.09035, "yaw": 1.96847, "roll": 0.09368}}
{"id": "0", "time": 214.438, "angles": {"pitch": -0.10016, "yaw": 1.96349, "roll": 0.11159}}
{"id": "0", "time": 214.49085, "angles": {"pitch": -0.03885, "yaw": 1.97096, "roll": 0.13843}}
{"id": "0", "time": 214.53973, "angles": {"pitch": -0.03346, "yaw": 1.97832, "roll": 0.16597}}
{"id": "0", "time": 214.58864, "angles": {"pitch": -0.03861, "yaw": 1.96231, "roll": 0.15125}}
{"id": "0", "time": 214.63757, "angles": {"pitch": -0.051, "yaw": 1.88712, "roll": 0.12481}}
{"id": "0", "time": 214.69039, "angles": {"pitch": -0.06666, "yaw": 1.82479, "roll": 0.1727}}
{"id": "0", "time": 214.73931, "angles": {"pitch": -0.0633, "yaw": 1.7566, "roll": 0.16682}}
{"id": "0", "time": 214.78805, "angles": {"pitch": -0.04233, "yaw": 1.6193, "roll": 0.08754}}
{"id": "0", "time": 214.84067, "angles": {"pitch": -0.02831, "yaw": 1.53306, "roll": 0.03092}}
{"id": "0", "time": 214.88928, "angles": {"pitch": 0.00678, "yaw": 1.4664, "roll": 0.00828}}
{"id": "0", "time": 214.9381, "angles": {"pitch": 0.02876, "yaw": 1.43442, "roll": 0.02781}}
{"id": "0", "time": 214.99083, "angles": {"pitch": 0.02939, "yaw": 1.4108, "roll": 0.05311}}
{"id": "0", "time": 215.03964, "angles": {"pitch": 0.03931, "yaw": 1.37486, "roll": 0.06364}}
{"id": "0", "time": 215.08845, "angles": {"pitch": 0.04204, "yaw": 1.35338, "roll": 0.08144}}
{"id": "0", "time": 215.14127, "angles": {"pitch": 0.04081, "yaw": 1.30022, "roll": 0.12496}}
{"id": "0", "time": 215.19014, "angles": {"pitch": 0.05049, "yaw": 1.24323, "roll": 0.14416}}
{"id": "0", "time": 215.23893, "angles": {"pitch": 0.05775, "yaw": 1.22698, "roll": 0.14159}}
{"id": "0", "time": 215.28781, "angles": {"pitch": 0.05581, "yaw": 1.19549, "roll": 0.15226}}
{"id": "0", "time": 215.34056, "angles": {"pitch": 0.04844, "yaw": 1.1388, "roll": 0.13913}}
{"id": "0", "time": 215.38889, "angles": {"pitch": 0.07693, "yaw": 1.05327, "roll": 0.13865}}
{"id": "0", "time": 215.44113, "angles": {"pitch": 0.09565, "yaw": 1.02896, "roll": 0.14561}}
{"id": "0", "time": 215.48994, "angles": {"pitch": 0.09352, "yaw": 1.00784, "roll": 0.14105}}
{"id": "0", "time": 215.5388, "angles": {"pitch": 0.10382, "yaw": 0.94914, "roll": 0.14016}}
{"id": "0", "time": 215.59136, "angles": {"pitch": 0.109, "yaw": 0.884, "roll": 0.13641}}
{"id": "0", "time": 215.64006, "angles": {"pitch": 0.13651, "yaw": 0.67901, "roll": 0.10914}}
{"id": "0", "time": 215.68894, "angles": {"pitch": 0.14973, "yaw": 0.50838, "roll": 0.08802}}
{"id": "0", "time": 215.73775, "angles": {"pitch": 0.14483, "yaw": 0.42326, "roll": 0.09344}}
{"id": "0", "time": 215.79048, "angles": {"pitch": 0.16362, "yaw": 0.24976, "roll": 0.0544}}
{"id": "0", "time": 215.83934, "angles": {"pitch": 0.1634, "yaw": 0.03089, "roll": 0.02995}}
{"id": "0", "time": 215.88812, "angles": {"pitch": 0.16877, "yaw": -0.09779, "roll": -0.00673}}
{"id": "0", "time": 215.94089, "angles": {"pitch": 0.1801, "yaw": -0.2007, "roll": -0.05388}}
{"id": "0", "time": 215.98975, "angles": {"pitch": 0.15652, "yaw": -0.32988, "roll": -0.10502}}
{"id": "0", "time": 216.03869, "angles": {"pitch": 0.1293, "yaw": -0.53009, "roll": -0.12873}}
{"id": "0", "time": 216.08762, "angles": {"pitch": 0.12419, "yaw": -0.6921, "roll": -0.14477}}
{"id": "0", "time": 216.14046, "angles": {"pitch": 0.10085, "yaw": -0.79821, "roll": -0.17265}}
{"id": "0", "time": 216.18941, "angles": {"pitch": 0.07269, "yaw": -0.92712, "roll": -0.18247}}
{"id": "0", "time": 216.23836, "angles": {"pitch": 0.03869, "yaw": -1.05857, "roll": -0.17829}}
{"id": "0", "time": 216.29115, "angles": {"pitch": 0.0095, "yaw": -1.19612, "roll": -0.1947}}
{"id": "0", "time": 216.34003, "angles": {"pitch": -0.01203, "yaw": -1.2926, "roll": -0.20118}}
{"id": "0", "time": 216.38864, "angles": {"pitch": -0.03365, "yaw": -1.38438, "roll": -0.19925}}
{"id": "0", "time": 216.43754, "angles": {"pitch": -0.059, "yaw": -1.508, "roll": -0.18163}}
{"id": "0", "time": 216.49032, "angles": {"pitch": -0.06806, "yaw": -1.5693, "roll": -0.16916}}
{"id": "0", "time": 216.53894, "angles": {"pitch": -0.05784, "yaw": -1.59052, "roll": -0.19308}}
{"id": "0", "time": 216.5879, "angles": {"pitch": -0.07007, "yaw": -1.64563, "roll": -0.17824}}
{"id": "0", "time": 216.64076, "angles": {"pitch": -0.08602, "yaw": -1.72868, "roll": -0.17555}}
{"id": "0", "time": 216.6892, "angles": {"pitch": -0.08997, "yaw": -1.8478, "roll": -0.17993}}
{"id": "0", "time": 216.73822, "angles": {"pitch": -0.10602, "yaw": -1.97441, "roll": -0.15002}}
{"id": "0", "time": 216.79115, "angles": {"pitch": -0.11695, "yaw": -2.03103, "roll": -0.14499}}
{"id": "0", "time": 216.83963, "angles": {"pitch": -0.12938, "yaw": -2.15287, "roll": -0.14434}}
{"id": "0", "time": 216.88865, "angles": {"pitch": -0.12318, "yaw": -2.23334, "roll": -0.11359}}
{"id": "0", "time": 216.93761, "angles": {"pitch": -0.13084, "yaw": -2.22645, "roll": -0.12303}}
{"id": "0", "time": 216.98996, "angles": {"pitch": -0.11729, "yaw": -2.27452, "roll": -0.14935}}
{"id": "0", "time": 217.039, "angles": {"pitch": -0.14619, "yaw": -2.52289, "roll": -0.1244}}
{"id": "0", "time": 217.08803, "angles": {"pitch": -0.17962, "yaw": -2.7377, "roll": -0.0708}}
{"id": "0", "time": 217.14062, "angles": {"pitch": -0.17747, "yaw": -2.81593, "roll": -0.06443}}
{"id": "0", "time": 217.18953, "angles": {"pitch": -0.15706, "yaw": -2.87314, "roll": -0.0582}}
{"id": "0", "time": 217.23844, "angles": {"pitch": -0.15645, "yaw": -2.92589, "roll": -0.04643}}
{"id": "0", "time": 217.29126, "angles": {"pitch": -0.15912, "yaw": -2.91765, "roll": -0.03351}}
{"id": "0", "time": 217.34024, "angles": {"pitch": -0.16932, "yaw": -3.06917, "roll": -0.02213}}
{"id": "0", "time": 217.38918, "angles": {"pitch": -0.14149, "yaw": 3.03024, "roll": 0.02958}}
{"id": "0", "time": 217.43805, "angles": {"pitch": -0.14334, "yaw": 3.0143, "roll": 0.01469}}
{"id": "0", "time": 217.49077, "angles": {"pitch": -0.13798, "yaw": 2.92038, "roll": 0.01531}}
{"id": "0", "time": 217.53955, "angles": {"pitch": -0.13466, "yaw": 2.81533, "roll": 0.02842}}
{"id": "0", "time": 217.58837, "angles": {"pitch": -0.11963, "yaw": 2.69863, "roll": 0.04076}}
{"id": "0", "time": 217.64119, "angles": {"pitch": -0.11666, "yaw": 2.56041, "roll": 0.04783}}
{"id": "0", "time": 217.69016, "angles": {"pitch": -0.09006, "yaw": 2.21661, "roll": 0.08989}}
{"id": "0", "time": 217.73908, "angles": {"pitch": -0.05581, "yaw": 1.92769, "roll": 0.12093}}
{"id": "0", "time": 217.78802, "angles": {"pitch": -0.04296, "yaw": 1.85547, "roll": 0.12885}}
{"id": "0", "time": 217.84084, "angles": {"pitch": -0.02237, "yaw": 1.74473, "roll": 0.12981}}
{"id": "0", "time": 217.88968, "angles": {"pitch": -0.00254, "yaw": 1.66863, "roll": 0.15064}}
{"id": "0", "time": 217.93861, "angles": {"pitch": 0.00999, "yaw": 1.59838, "roll": 0.15022}}
{"id": "0", "time": 217.99124, "angles": {"pitch": 0.04788, "yaw": 1.38349, "roll": 0.15059}}
{"id": "0", "time": 218.03959, "angles": {"pitch": 0.06682, "yaw": 1.28248, "roll": 0.13377}}
{"id": "0", "time": 218.08845, "angles": {"pitch": 0.08814, "yaw": 1.08117, "roll": 0.11137}}
{"id": "0", "time": 218.14117, "angles": {"pitch": 0.13072, "yaw": 0.88121, "roll": 0.09879}}
{"id": "0", "time": 218.18981, "angles": {"pitch": 0.135, "yaw": 0.83996, "roll": 0.11715}}
{"id": "0", "time": 218.23812, "angles": {"pitch": 0.13103, "yaw": 0.82484, "roll": 0.10519}}
{"id": "0", "time": 218.29062, "angles": {"pitch": 0.1196, "yaw": 0.71686, "roll": 0.08993}}
{"id": "0", "time": 218.33946, "angles": {"pitch": 0.14949, "yaw": 0.53874, "roll": 0.03233}}
{"id": "0", "time": 218.38834, "angles": {"pitch": 0.16142, "yaw": 0.31413, "roll": -0.07218}}
{"id": "0", "time": 218.44119, "angles": {"pitch": 0.16041, "yaw": 0.17416, "roll": -0.07175}}
{"id": "0", "time": 218.49003, "angles": {"pitch": 0.1599, "yaw": 0.11997, "roll": -0.04566}}
{"id": "0", "time": 218.53891, "angles": {"pitch": 0.16392, "yaw": 0.02604, "roll": -0.06362}}
{"id": "0", "time": 218.58777, "angles": {"pitch": 0.14988, "yaw": -0.09068, "roll": -0.06867}}
{"id": "0", "time": 218.6406, "angles": {"pitch": 0.11909, "yaw": -0.29661, "roll": -0.12177}}
{"id": "0", "time": 218.68952, "angles": {"pitch": 0.08473, "yaw": -0.53791, "roll": -0.14873}}
{"id": "0", "time": 218.73848, "angles": {"pitch": 0.0434, "yaw": -0.75205, "roll": -0.15782}}
{"id": "0", "time": 218.7913, "angles": {"pitch": 0.01144, "yaw": -0.93499, "roll": -0.1821}}
{"id": "0", "time": 218.8402, "angles": {"pitch": 0.00907, "yaw": -1.06156, "roll": -0.18671}}
{"id": "0", "time": 218.889, "angles": {"pitch": 0.00844, "yaw": -1.13043, "roll": -0.18787}}
{"id": "0", "time": 218.93787, "angles": {"pitch": 0.00397, "yaw": -1.17266, "roll": -0.20397}}
{"id": "0", "time": 218.99069, "angles": {"pitch": -0.02297, "yaw": -1.28164, "roll": -0.20482}}
{"id": "0", "time": 219.03968, "angles": {"pitch": -0.06234, "yaw": -1.48792, "roll": -0.19}}
{"id": "0", "time": 219.08865, "angles": {"pitch": -0.07207, "yaw": -1.63636, "roll": -0.16411}}
{"id": "0", "time": 219.14126, "angles": {"pitch": -0.08334, "yaw": -1.67457, "roll": -0.16964}}
{"id": "0", "time": 219.19027, "angles": {"pitch": -0.08164, "yaw": -1.81287, "roll": -0.18717}}
{"id": "0", "time": 219.23924, "angles": {"pitch": -0.09384, "yaw": -1.85998, "roll": -0.16072}}
{"id": "0", "time": 219.28773, "angles": {"pitch": -0.10395, "yaw": -1.92314, "roll": -0.1599}}
{"id": "0", "time": 219.3406, "angles": {"pitch": -0.11194, "yaw": -1.9888, "roll": -0.14712}}
{"id": "0", "time": 219.38957, "angles": {"pitch": -0.10253, "yaw": -2.02082, "roll": -0.14472}}
{"id": "0", "time": 219.43802, "angles": {"pitch": -0.10379, "yaw": -2.03101, "roll": -0.16167}}
{"id": "0", "time": 219.49093, "angles": {"pitch": -0.11697, "yaw": -2.10201, "roll": -0.16259}}
{"id": "0", "time": 219.5399, "angles": {"pitch": -0.09926, "yaw": -2.13359, "roll": -0.17872}}
{"id": "0", "time": 219.5884, "angles": {"pitch": -0.11817, "yaw": -2.25975, "roll": -0.16707}}
{"id": "0", "time": 219.6374, "angles": {"pitch": -0.15074, "yaw": -2.46216, "roll": -0.12779}}
{"id": "0", "time": 219.69026, "angles": {"pitch": -0.13791, "yaw": -2.48459, "roll": -0.08812}}
{"id": "0", "time": 219.73869, "angles": {"pitch": -0.1315, "yaw": -2.45814, "roll": -0.12885}}
{"id": "0", "time": 219.78767, "angles": {"pitch": -0.14629, "yaw": -2.56285, "roll": -0.09512}}
{"id": "0", "time": 219.84052, "angles": {"pitch": -0.14783, "yaw": -2.58068, "roll": -0.05505}}
{"id": "0", "time": 219.88946, "angles": {"pitch": -0.16485, "yaw": -2.56792, "roll": -0.05023}}
{"id": "0", "time": 219.93842, "angles": {"pitch": -0.16531, "yaw": -2.71082, "roll": -0.03351}}
{"id": "0", "time": 219.99118, "angles": {"pitch": -0.15783, "yaw": -2.68499, "roll": -0.04286}}
{"id": "0", "time": 220.04, "angles": {"pitch": -0.15485, "yaw": -2.66338, "roll": -0.0497}}
{"id": "0", "time": 220.08891, "angles": {"pitch": -0.15279, "yaw": -2.7051, "roll": -0.05772}}
{"id": "0", "time": 220.13773, "angles": {"pitch": -0.1518, "yaw": -2.72351, "roll": -0.05976}}
{"id": "0", "time": 220.19045, "angles": {"pitch": -0.15157, "yaw": -2.73015, "roll": -0.0573}}
{"id": "0", "time": 220.23936, "angles": {"pitch": -0.15821, "yaw": -2.85235, "roll": -0.04385}}
{"id": "0", "time": 220.28819, "angles": {"pitch": -0.16425, "yaw": -2.9095, "roll": -0.03967}}
{"id": "0", "time": 220.34094, "angles": {"pitch": -0.15059, "yaw": -3.04332, "roll": -0.02189}}
{"id": "0", "time": 220.38987, "angles": {"pitch": -0.14581, "yaw": 2.93001, "roll": 0.01744}}
{"id": "0", "time": 220.43873, "angles": {"pitch": -0.13084, "yaw": 2.58482, "roll": 0.0808}}
{"id": "0", "time": 220.4876, "angles": {"pitch": -0.11247, "yaw": 2.45649, "roll": 0.0923}}
{"id": "0", "time": 220.53985, "angles": {"pitch": -0.09912, "yaw": 2.36438, "roll": 0.10713}}
{"id": "0", "time": 220.58841, "angles": {"pitch": -0.08873, "yaw": 2.3704, "roll": 0.11858}}
{"id": "0", "time": 220.64105, "angles": {"pitch": -0.08804, "yaw": 2.38178, "roll": 0.10659}}
{"id": "0", "time": 220.68986, "angles": {"pitch": -0.09179, "yaw": 2.37281, "roll": 0.09645}}
{"id": "0", "time": 220.73851, "angles": {"pitch": -0.08008, "yaw": 2.30849, "roll": 0.09443}}
{"id": "0", "time": 220.7874, "angles": {"pitch": -0.06285, "yaw": 2.19291, "roll": 0.11422}}
{"id": "0", "time": 220.84021, "angles": {"pitch": -0.05544, "yaw": 2.07776, "roll": 0.1165}}
{"id": "0", "time": 220.88889, "angles": {"pitch": -0.0348, "yaw": 1.95551, "roll": 0.13705}}
{"id": "0", "time": 220.93781, "angles": {"pitch": -0.02696, "yaw": 1.87231, "roll": 0.14335}}
{"id": "0", "time": 220.99062, "angles": {"pitch": 0.01071, "yaw": 1.81077, "roll": 0.15886}}
{"id": "0", "time": 221.03949, "angles": {"pitch": 0.03099, "yaw": 1.7764, "roll": 0.15369}}
{"id": "0", "time": 221.08818, "angles": {"pitch": 0.10201, "yaw": 1.71692, "roll": 0.11818}}
{"id": "0", "time": 221.14105, "angles": {"pitch": 0.20192, "yaw": 1.66553, "roll": 0.0885}}
{"id": "0", "time": 221.18994, "angles": {"pitch": 0.23049, "yaw": 1.6648, "roll": 0.08974}}
{"id": "0", "time": 221.2388, "angles": {"pitch": 0.26056, "yaw": 1.65767, "roll": 0.07528}}
{"id": "0", "time": 221.28765, "angles": {"pitch": 0.28825, "yaw": 1.6501, "roll": 0.07289}}
{"id": "0", "time": 221.34046, "angles": {"pitch": 0.32993, "yaw": 1.64748, "roll": 0.0726}}
{"id": "0", "time": 221.38933, "angles": {"pitch": 0.38672, "yaw": 1.64893, "roll": 0.05372}}
{"id": "0", "time": 221.43822, "angles": {"pitch": 0.46505, "yaw": 1.63477, "roll": 0.03616}}
{"id": "0", "time": 221.49106, "angles": {"pitch": 0.58025, "yaw": 1.61965, "roll": 0.01844}}
{"id": "0", "time": 221.54006, "angles": {"pitch": 0.6766, "yaw": 1.61877, "roll": -0.00036}}
{"id": "0", "time": 221.58913, "angles": {"pitch": 0.78975, "yaw": 1.65336, "roll": 0.01776}}
{"id": "0", "time": 221.6382, "angles": {"pitch": 0.86425, "yaw": 1.59435, "roll": -0.05819}}
{"id": "0", "time": 221.69112, "angles": {"pitch": 0.91031, "yaw": 1.61716, "roll": -0.03668}}
{"id": "0", "time": 221.74013, "angles": {"pitch": 0.99165, "yaw": 1.61979, "roll": -0.04367}}
{"id": "0", "time": 221.78915, "angles": {"pitch": 1.10281, "yaw": 1.64083, "roll": -0.02742}}
{"id": "0", "time": 221.83814, "angles": {"pitch": 1.21262, "yaw": 1.58032, "roll": -0.08874}}
{"id": "0", "time": 221.89091, "angles": {"pitch": 1.30428, "yaw": 0.0, "roll": -0.90879}}
{"id": "0", "time": 221.93962, "angles": {"pitch": 1.45108, "yaw": 0.0, "roll": -1.25097}}
{"id": "0", "time": 221.98839, "angles": {"pitch": 1.53233, "yaw": 0.0, "roll": -1.5393}}
{"id": "0", "time": 222.04059, "angles": {"pitch": 1.4644, "yaw": 0.0, "roll": -1.8384}}
{"id": "0", "time": 222.08885, "angles": {"pitch": 1.31762, "yaw": 0.0, "roll": -2.19695}}
{"id": "0", "time": 222.14102, "angles": {"pitch": 1.19792, "yaw": -1.414, "roll": -2.90421}}
{"id": "0", "time": 222.19006, "angles": {"pitch": 1.18976, "yaw": -1.43409, "roll": -2.90437}}
{"id": "0", "time": 222.23908, "angles": {"pitch": 1.23405, "yaw": -1.55921, "roll": -3.03348}}
{"id": "0", "time": 222.288, "angles": {"pitch": 1.31118, "yaw": 0.0, "roll": -2.22254}}
{"id": "0", "time": 222.34079, "angles": {"pitch": 1.39266, "yaw": 0.0, "roll": -2.04051}}
{"id": "0", "time": 222.38943, "angles": {"pitch": 1.55039, "yaw": 0.0, "roll": -1.55335}}
{"id": "0", "time": 222.43797, "angles": {"pitch": 1.48337, "yaw": 0.0, "roll": -1.32362}}
{"id": "0", "time": 222.49066, "angles": {"pitch": 1.43311, "yaw": 0.0, "roll": -1.19491}}
{"id": "0", "time": 222.5394, "angles": {"pitch": 1.34297, "yaw": 0.0, "roll": -0.9859}}
{"id": "0", "time": 222.58815, "angles": {"pitch": 1.2739, "yaw": 0.0, "roll": -0.85475}}
{"id": "0", "time": 222.64094, "angles": {"pitch": 1.11931, "yaw": 1.38207, "roll": -0.16375}}
{"id": "0", "time": 222.71452, "angles": {"pitch": 0.60568, "yaw": 1.51858, "roll": 0.02207}}
{"id": "0", "time": 222.7635, "angles": {"pitch": 0.4006, "yaw": 1.53344, "roll": 0.00561}}
{"id": "0", "time": 222.78795, "angles": {"pitch": 0.35168, "yaw": 1.53393, "roll": -0.0121}}
{"id": "0", "time": 222.86516, "angles": {"pitch": 0.29492, "yaw": 1.53912, "roll": -0.05803}}
{"id": "0", "time": 222.88958, "angles": {"pitch": 0.27136, "yaw": 1.52419, "roll": -0.08138}}
{"id": "0", "time": 222.96289, "angles": {"pitch": 0.16557, "yaw": 1.52806, "roll": -0.11174}}
{"id": "0", "time": 223.01576, "angles": {"pitch": 0.1226, "yaw": 1.53573, "roll": -0.07924}}
{"id": "0", "time": 223.06464, "angles": {"pitch": 0.09758, "yaw": 1.54983, "roll": -0.08268}}
{"id": "0", "time": 223.11361, "angles": {"pitch": -0.11564, "yaw": 1.65253, "roll": -0.06537}}
{"id": "0", "time": 223.1625, "angles": {"pitch": -0.25528, "yaw": 1.69657, "roll": -0.07126}}
{"id": "0", "time": 223.21531, "angles": {"pitch": -0.34725, "yaw": 1.66777, "roll": -0.0623}}
{"id": "0", "time": 223.26428, "angles": {"pitch": -0.51981, "yaw": 1.64173, "roll": 0.01609}}
{"id": "0", "time": 223.31323, "angles": {"pitch": -0.56849, "yaw": 1.63307, "roll": 0.07408}}
{"id": "0", "time": 223.36613, "angles": {"pitch": -0.59657, "yaw": 1.58851, "roll": 0.1772}}
{"id": "0", "time": 223.41491, "angles": {"pitch": -0.68118, "yaw": 1.53323, "roll": 0.36132}}
{"id": "0", "time": 223.46394, "angles": {"pitch": -0.7446, "yaw": 1.56148, "roll": 0.36373}}
{"id": "0", "time": 223.51291, "angles": {"pitch": -0.7936, "yaw": 1.61108, "roll": 0.31931}}
{"id": "0", "time": 223.56564, "angles": {"pitch": -0.81675, "yaw": 1.56741, "roll": 0.35818}}
{"id": "0", "time": 223.61473, "angles": {"pitch": -0.94612, "yaw": 1.54622, "roll": 0.41814}}
{"id": "0", "time": 223.66381, "angles": {"pitch": -0.97007, "yaw": 1.42675, "roll": 0.62315}}
{"id": "0", "time": 223.68831, "angles": {"pitch": -0.98603, "yaw": 1.40645, "roll": 0.67348}}
{"id": "0", "time": 223.76553, "angles": {"pitch": -1.03733, "yaw": 1.3918, "roll": 0.7025}}
{"id": "0", "time": 223.81461, "angles": {"pitch": -1.11515, "yaw": 1.2719, "roll": 0.83149}}
{"id": "0", "time": 223.86375, "angles": {"pitch": -1.22513, "yaw": 1.36096, "roll": 0.76616}}
{"id": "0", "time": 223.91272, "angles": {"pitch": -1.30305, "yaw": 0.0, "roll": 1.05413}}
{"id": "0", "time": 223.96547, "angles": {"pitch": -1.34615, "yaw": 0.0, "roll": 1.1601}}
{"id": "0", "time": 224.01409, "angles": {"pitch": -1.38066, "yaw": 0.0, "roll": 1.23767}}
{"id": "0", "time": 224.06238, "angles": {"pitch": -1.4241, "yaw": 0.0, "roll": 1.2967}}
{"id": "0", "time": 224.1146, "angles": {"pitch": -1.36117, "yaw": 0.0, "roll": 1.0945}}
{"id": "0", "time": 224.16346, "angles": {"pitch": -1.22919, "yaw": 1.53454, "roll": 0.59544}}
{"id": "0", "time": 224.21256, "angles": {"pitch": -1.12786, "yaw": 1.54636, "roll": 0.56284}}
{"id": "0", "time": 224.26533, "angles": {"pitch": -1.04868, "yaw": 1.56621, "roll": 0.55377}}
{"id": "0", "time": 224.31448, "angles": {"pitch": -0.87803, "yaw": 1.66877, "roll": 0.42773}}
{"id": "0", "time": 224.36367, "angles": {"pitch": -0.64242, "yaw": 1.76903, "roll": 0.39609}}
{"id": "0", "time": 224.41278, "angles": {"pitch": -0.69382, "yaw": 1.76082, "roll": 0.38671}}
{"id": "0", "time": 224.46528, "angles": {"pitch": -0.74296, "yaw": 1.7327, "roll": 0.41463}}
{"id": "0", "time": 224.51437, "angles": {"pitch": -0.79298, "yaw": 1.72085, "roll": 0.39964}}
{"id": "0", "time": 224.56342, "angles": {"pitch": -0.83065, "yaw": 1.73237, "roll": 0.35379}}
{"id": "0", "time": 224.61251, "angles": {"pitch": -0.78711, "yaw": 1.76383, "roll": 0.42727}}
{"id": "0", "time": 224.66558, "angles": {"pitch": -0.33047, "yaw": 1.83525, "roll": 0.56539}}
{"id": "0", "time": 224.71459, "angles": {"pitch": -0.07737, "yaw": 1.82615, "roll": 0.48464}}
{"id": "0", "time": 224.76355, "angles": {"pitch": 0.09994, "yaw": 1.7303, "roll": 0.499}}
{"id": "0", "time": 224.8159, "angles": {"pitch": 0.28068, "yaw": 1.71181, "roll": 0.50956}}
{"id": "0", "time": 224.86491, "angles": {"pitch": 0.4952, "yaw": 1.66913, "roll": 0.53306}}
{"id": "0", "time": 224.91401, "angles": {"pitch": 0.54256, "yaw": 1.64712, "roll": 0.44495}}
{"id": "0", "time": 224.96281, "angles": {"pitch": 0.52118, "yaw": 1.63066, "roll": 0.36128}}
{"id": "0", "time": 225.01569, "angles": {"pitch": 0.36309, "yaw": 1.72214, "roll": 0.35807}}
{"id": "0", "time": 225.06471, "angles": {"pitch": 0.05571, "yaw": 1.85644, "roll": 0.41827}}
{"id": "0", "time": 225.11346, "angles": {"pitch": -0.13966, "yaw": 1.8497, "roll": 0.46024}}
{"id": "0", "time": 225.16241, "angles": {"pitch": -0.3243, "yaw": 1.82617, "roll": 0.52946}}
{"id": "0", "time": 225.21525, "angles": {"pitch": -0.40182, "yaw": 1.74904, "roll": 0.59115}}
{"id": "0", "time": 225.26419, "angles": {"pitch": -0.44409, "yaw": 1.73829, "roll": 0.51592}}
{"id": "0", "time": 225.31316, "angles": {"pitch": -0.44958, "yaw": 1.76004, "roll": 0.40172}}
{"id": "0", "time": 225.36609, "angles": {"pitch": -0.23344, "yaw": 1.76488, "roll": 0.1406}}
{"id": "0", "time": 225.41512, "angles": {"pitch": 0.08932, "yaw": 1.76953, "roll": -0.10266}}
{"id": "0", "time": 225.46412, "angles": {"pitch": 0.3988, "yaw": 1.76596, "roll": -0.09652}}
{"id": "0", "time": 225.51306, "angles": {"pitch": 0.63058, "yaw": 1.72636, "roll": -0.16741}}
{"id": "0", "time": 225.56604, "angles": {"pitch": 0.88378, "yaw": 1.61051, "roll": -0.19956}}
{"id": "0", "time": 225.61508, "angles": {"pitch": 0.95271, "yaw": 1.57105, "roll": -0.1901}}
{"id": "0", "time": 225.66417, "angles": {"pitch": 0.81355, "yaw": 1.63265, "roll": -0.08259}}
{"id": "0", "time": 225.71322, "angles": {"pitch": 0.66462, "yaw": 1.69116, "roll": -0.02358}}
{"id": "0", "time": 225.7623, "angles": {"pitch": 0.54564, "yaw": 1.706, "roll": -0.10459}}
{"id": "0", "time": 225.8152, "angles": {"pitch": 0.43116, "yaw": 1.74339, "roll": -0.13994}}
{"id": "0", "time": 225.86419, "angles": {"pitch": 0.24436, "yaw": 1.77252, "roll": -0.06786}}
{"id": "0", "time": 225.91291, "angles": {"pitch": 0.08411, "yaw": 1.79569, "roll": -0.02206}}
{"id": "0", "time": 225.96583, "angles": {"pitch": -0.05295, "yaw": 1.81462, "roll": 0.02191}}
{"id": "0", "time": 226.01456, "angles": {"pitch": -0.0945, "yaw": 1.85079, "roll": -0.01057}}
{"id": "0", "time": 226.06346, "angles": {"pitch": -0.08521, "yaw": 1.87968, "roll": -0.06074}}
{"id": "0", "time": 226.11251, "angles": {"pitch": 0.05282, "yaw": 1.87135, "roll": -0.19894}}
{"id": "0", "time": 226.16549, "angles": {"pitch": 0.26273, "yaw": 1.93103, "roll": -0.08892}}
{"id": "0", "time": 226.2145, "angles": {"pitch": 0.42387, "yaw": 1.95983, "roll": 0.01215}}
{"id": "0", "time": 226.26346, "angles": {"pitch": 0.50987, "yaw": 1.93992, "roll": 0.04496}}
{"id": "0", "time": 226.31244, "angles": {"pitch": 0.41884, "yaw": 1.80978, "roll": -0.01123}}
{"id": "0", "time": 226.36542, "angles": {"pitch": 0.27892, "yaw": 1.78648, "roll": -0.05484}}
{"id": "0", "time": 226.41441, "angles": {"pitch": 0.06064, "yaw": 1.81854, "roll": -0.0551}}
{"id": "0", "time": 226.46338, "angles": {"pitch": -0.14549, "yaw": 1.83848, "roll": 0.03697}}
{"id": "0", "time": 226.51234, "angles": {"pitch": -0.32018, "yaw": 1.80003, "roll": -0.03182}}
{"id": "0", "time": 226.56526, "angles": {"pitch": -0.42936, "yaw": 1.78321, "roll": -0.22244}}
{"id": "0", "time": 226.61422, "angles": {"pitch": -0.47864, "yaw": 1.75153, "roll": -0.13306}}
{"id": "0", "time": 226.66314, "angles": {"pitch": -0.50264, "yaw": 1.75634, "roll": 0.03893}}
{"id": "0", "time": 226.71593, "angles": {"pitch": -0.48055, "yaw": 1.76458, "roll": 0.08674}}
{"id": "0", "time": 226.76487, "angles": {"pitch": -0.33343, "yaw": 1.78768, "roll": 0.02662}}
{"id": "0", "time": 226.81383, "angles": {"pitch": -0.08607, "yaw": 1.86057, "roll": -0.12407}}
{"id": "0", "time": 226.86274, "angles": {"pitch": -0.07008, "yaw": 1.91139, "roll": -0.13444}}
{"id": "0", "time": 226.91566, "angles": {"pitch": -0.33822, "yaw": 1.89141, "roll": -0.00916}}
{"id": "0", "time": 226.96462, "angles": {"pitch": -0.51746, "yaw": 1.82572, "roll": 0.1328}}
{"id": "0", "time": 227.01358, "angles": {"pitch": -0.56768, "yaw": 1.7883, "roll": 0.08832}}
{"id": "0", "time": 227.06257, "angles": {"pitch": -0.59997, "yaw": 1.77869, "roll": 0.04755}}
{"id": "0", "time": 227.11549, "angles": {"pitch": -0.58524, "yaw": 1.78182, "roll": 0.01584}}
{"id": "0", "time": 227.16455, "angles": {"pitch": -0.48907, "yaw": 1.85881, "roll": -0.03688}}
{"id": "0", "time": 227.21353, "angles": {"pitch": -0.56382, "yaw": 1.84456, "roll": 0.05873}}
{"id": "0", "time": 227.26255, "angles": {"pitch": -0.63734, "yaw": 1.81749, "roll": 0.01728}}
{"id": "0", "time": 227.31552, "angles": {"pitch": -0.66489, "yaw": 1.78752, "roll": 0.08717}}
{"id": "0", "time": 227.36454, "angles": {"pitch": -0.66707, "yaw": 1.75793, "roll": 0.19247}}
{"id": "0", "time": 227.41352, "angles": {"pitch": -0.69986, "yaw": 1.7104, "roll": 0.26646}}
{"id": "0", "time": 227.46257, "angles": {"pitch": -0.68647, "yaw": 1.64425, "roll": 0.38858}}
{"id": "0", "time": 227.51556, "angles": {"pitch": -0.59188, "yaw": 1.64216, "roll": 0.39943}}
{"id": "0", "time": 227.56463, "angles": {"pitch": -0.56549, "yaw": 1.60506, "roll": 0.50287}}
{"id": "0", "time": 227.6137, "angles": {"pitch": -0.58504, "yaw": 1.58412, "roll": 0.63585}}
{"id": "0", "time": 227.66281, "angles": {"pitch": -0.60175, "yaw": 1.57038, "roll": 0.6016}}
{"id": "0", "time": 227.71588, "angles": {"pitch": -0.70615, "yaw": 1.6258, "roll": 0.31819}}
{"id": "0", "time": 227.76494, "angles": {"pitch": -0.77238, "yaw": 1.62277, "roll": 0.30754}}
{"id": "0", "time": 227.81401, "angles": {"pitch": -0.87936, "yaw": 1.63116, "roll": 0.31221}}
{"id": "0", "time": 227.86313, "angles": {"pitch": -0.93305, "yaw": 1.68632, "roll": 0.24023}}
{"id": "0", "time": 227.91222, "angles": {"pitch": -0.8725, "yaw": 1.85166, "roll": -0.09513}}
{"id": "0", "time": 227.96524, "angles": {"pitch": -0.638, "yaw": 2.08168, "roll": -0.61058}}
{"id": "0", "time": 228.01437, "angles": {"pitch": -0.63528, "yaw": 2.19579, "roll": -0.90807}}
{"id": "0", "time": 228.06344, "angles": {"pitch": -0.70431, "yaw": 2.22205, "roll": -0.94506}}
{"id": "0", "time": 228.11256, "angles": {"pitch": -0.7455, "yaw": 2.26883, "roll": -1.07527}}
{"id": "0", "time": 228.16558, "angles": {"pitch": -0.78979, "yaw": 2.27798, "roll": -1.16613}}
{"id": "0", "time": 228.21469, "angles": {"pitch": -0.84984, "yaw": 2.1001, "roll": -0.86731}}
{"id": "0", "time": 228.26376, "angles": {"pitch": -0.85684, "yaw": 1.99889, "roll": -0.70084}}
{"id": "0", "time": 228.31286, "angles": {"pitch": -0.85122, "yaw": 1.87092, "roll": -0.54059}}
{"id": "0", "time": 228.36592, "angles": {"pitch": -0.8498, "yaw": 1.66375, "roll": -0.01795}}
{"id": "0", "time": 228.41495, "angles": {"pitch": -0.77871, "yaw": 1.59956, "roll": 0.1749}}
{"id": "0", "time": 228.46394, "angles": {"pitch": -0.74368, "yaw": 1.60549, "roll": 0.18109}}
{"id": "0", "time": 228.51269, "angles": {"pitch": -0.72788, "yaw": 1.62439, "roll": 0.17678}}
{"id": "0", "time": 228.56561, "angles": {"pitch": -0.71594, "yaw": 1.66648, "roll": 0.15961}}
{"id": "0", "time": 228.61463, "angles": {"pitch": -0.67101, "yaw": 1.72833, "roll": 0.19151}}
{"id": "0", "time": 228.66347, "angles": {"pitch": -0.55636, "yaw": 1.85401, "roll": 0.09236}}
{"id": "0", "time": 228.71256, "angles": {"pitch": -0.37149, "yaw": 1.96019, "roll": -0.26871}}
{"id": "0", "time": 228.76554, "angles": {"pitch": -0.13886, "yaw": 2.02012, "roll": -0.58474}}
{"id": "0", "time": 228.8145, "angles": {"pitch": -0.06406, "yaw": 2.0362, "roll": -0.62046}}
{"id": "0", "time": 228.86325, "angles": {"pitch": -0.03392, "yaw": 2.06096, "roll": -0.56339}}
{"id": "0", "time": 228.9123, "angles": {"pitch": -0.01197, "yaw": 2.07653, "roll": -0.45669}}
{"id": "0", "time": 228.96524, "angles": {"pitch": 0.00635, "yaw": 2.08855, "roll": -0.30714}}
{"id": "0", "time": 229.01406, "angles": {"pitch": 0.0143, "yaw": 2.08644, "roll": -0.16999}}
{"id": "0", "time": 229.06308, "angles": {"pitch": 0.00453, "yaw": 2.06456, "roll": 0.02069}}
{"id": "0", "time": 229.11579, "angles": {"pitch": -0.03472, "yaw": 2.01706, "roll": 0.09149}}
{"id": "0", "time": 229.16478, "angles": {"pitch": -0.06128, "yaw": 1.99183, "roll": 0.02842}}
{"id": "0", "time": 229.2137, "angles": {"pitch": -0.12247, "yaw": 1.94931, "roll": -0.0411}}
{"id": "0", "time": 229.26604, "angles": {"pitch": -0.13466, "yaw": 1.89714, "roll": -0.07191}}
{"id": "0", "time": 229.31468, "angles": {"pitch": -0.11139, "yaw": 1.9011, "roll": -0.04158}}
{"id": "0", "time": 229.36335, "angles": {"pitch": -0.14286, "yaw": 1.87108, "roll": -0.01381}}
{"id": "0", "time": 229.41226, "angles": {"pitch": -0.12278, "yaw": 1.86246, "roll": 0.02039}}
{"id": "0", "time": 229.46515, "angles": {"pitch": -0.03847, "yaw": 1.84721, "roll": 0.01648}}
{"id": "0", "time": 229.51413, "angles": {"pitch": 0.05708, "yaw": 1.82775, "roll": 0.00295}}
{"id": "0", "time": 229.56309, "angles": {"pitch": 0.06736, "yaw": 1.83221, "roll": -0.00148}}
{"id": "0", "time": 229.61598, "angles": {"pitch": 0.14871, "yaw": 1.83673, "roll": 0.00931}}
{"id": "0", "time": 229.66485, "angles": {"pitch": 0.12551, "yaw": 1.84076, "roll": 0.0414}}
{"id": "0", "time": 229.71377, "angles": {"pitch": 0.10274, "yaw": 1.85435, "roll": 0.08485}}
{"id": "0", "time": 229.7627, "angles": {"pitch": 0.07458, "yaw": 1.84809, "roll": 0.1008}}
{"id": "0", "time": 229.81558, "angles": {"pitch": 0.06333, "yaw": 1.81689, "roll": 0.09526}}
{"id": "0", "time": 229.86453, "angles": {"pitch": 0.05581, "yaw": 1.78949, "roll": 0.10222}}
{"id": "0", "time": 229.91342, "angles": {"pitch": 0.04976, "yaw": 1.77571, "roll": 0.1186}}
{"id": "0", "time": 229.96228, "angles": {"pitch": 0.04733, "yaw": 1.76856, "roll": 0.12905}}
{"id": "0", "time": 230.01513, "angles": {"pitch": 0.03367, "yaw": 1.76661, "roll": 0.13279}}
{"id": "0", "time": 230.06408, "angles": {"pitch": 0.0255, "yaw": 1.75798, "roll": 0.13497}}
{"id": "0", "time": 230.11302, "angles": {"pitch": 0.01531, "yaw": 1.74942, "roll": 0.14023}}
{"id": "0", "time": 230.16588, "angles": {"pitch": 0.00078, "yaw": 1.73451, "roll": 0.14624}}
{"id": "0", "time": 230.21474, "angles": {"pitch": -0.00429, "yaw": 1.72812, "roll": 0.15028}}
{"id": "0", "time": 230.26355, "angles": {"pitch": -0.00436, "yaw": 1.72978, "roll": 0.14947}}
{"id": "0", "time": 230.31585, "angles": {"pitch": -0.00423, "yaw": 1.73095, "roll": 0.14976}}
{"id": "0", "time": 230.36472, "angles": {"pitch": -0.00447, "yaw": 1.73291, "roll": 0.14969}}
{"id": "0", "time": 230.41361, "angles": {"pitch": -0.00397, "yaw": 1.73455, "roll": 0.14862}}
{"id": "0", "time": 230.46225, "angles": {"pitch": -0.00523, "yaw": 1.73572, "roll": 0.14242}}
{"id": "0", "time": 230.51481, "angles": {"pitch": -0.00515, "yaw": 1.73672, "roll": 0.14238}}
{"id": "0", "time": 230.56368, "angles": {"pitch": -0.00455, "yaw": 1.73942, "roll": 0.14266}}
{"id": "0", "time": 230.61255, "angles": {"pitch": -0.00555, "yaw": 1.74062, "roll": 0.14238}}
{"id": "0", "time": 230.66482, "angles": {"pitch": -0.00483, "yaw": 1.74469, "roll": 0.14169}}
{"id": "0", "time": 230.71344, "angles": {"pitch": -0.00435, "yaw": 1.74576, "roll": 0.14064}}
{"id": "0", "time": 230.7623, "angles": {"pitch": -0.00606, "yaw": 1.74453, "roll": 0.13966}}
{"id": "0", "time": 230.81508, "angles": {"pitch": -0.00385, "yaw": 1.74381, "roll": 0.1425}}
{"id": "0", "time": 230.86386, "angles": {"pitch": -0.00274, "yaw": 1.74469, "roll": 0.14347}}
{"id": "0", "time": 230.91267, "angles": {"pitch": -0.00321, "yaw": 1.74509, "roll": 0.14149}}
{"id": "0", "time": 230.96543, "angles": {"pitch": -0.00046, "yaw": 1.74505, "roll": 0.1413}}
{"id": "0", "time": 231.01431, "angles": {"pitch": 0.00094, "yaw": 1.74528, "roll": 0.14142}}
{"id": "0", "time": 231.06316, "angles": {"pitch": -0.00017, "yaw": 1.7458, "roll": 0.14207}}
{"id": "0", "time": 231.11578, "angles": {"pitch": 0.00458, "yaw": 1.7378, "roll": 0.13881}}
{"id": "0", "time": 231.16466, "angles": {"pitch": 0.00438, "yaw": 1.73674, "roll": 0.13867}}
{"id": "0", "time": 231.21355, "angles": {"pitch": 0.00487, "yaw": 1.73638, "roll": 0.13619}}
{"id": "0", "time": 231.26243, "angles": {"pitch": 0.00656, "yaw": 1.73613, "roll": 0.13377}}
{"id": "0", "time": 231.31521, "angles": {"pitch": 0.00632, "yaw": 1.73535, "roll": 0.13336}}
{"id": "0", "time": 231.36376, "angles": {"pitch": 0.00653, "yaw": 1.73542, "roll": 0.13238}}
{"id": "0", "time": 231.41601, "angles": {"pitch": 0.00725, "yaw": 1.73494, "roll": 0.13222}}
{"id": "0", "time": 231.46436, "angles": {"pitch": 0.00639, "yaw": 1.73601, "roll": 0.13227}}
{"id": "0", "time": 231.51298, "angles": {"pitch": 0.00667, "yaw": 1.73513, "roll": 0.1321}}
{"id": "0", "time": 231.56572, "angles": {"pitch": 0.0069, "yaw": 1.73598, "roll": 0.13271}}
{"id": "0", "time": 231.61456, "angles": {"pitch": 0.00707, "yaw": 1.73505, "roll": 0.13214}}
{"id": "0", "time": 231.66339, "angles": {"pitch": 0.00668, "yaw": 1.73532, "roll": 0.13253}}
{"id": "0", "time": 231.71219, "angles": {"pitch": 0.00532, "yaw": 1.73492, "roll": 0.13196}}
{"id": "0", "time": 231.76494, "angles": {"pitch": 0.0057, "yaw": 1.73494, "roll": 0.13404}}
{"id": "0", "time": 231.81383, "angles": {"pitch": 0.00639, "yaw": 1.70671, "roll": 0.13059}}
{"id": "0", "time": 231.8627, "angles": {"pitch": 0.01357, "yaw": 1.69366, "roll": 0.13594}}
{"id": "0", "time": 231.91542, "angles": {"pitch": 0.0131, "yaw": 1.69079, "roll": 0.13459}}
{"id": "0", "time": 231.96421, "angles": {"pitch": 0.01404, "yaw": 1.68871, "roll": 0.13384}}
{"id": "0", "time": 232.01304, "angles": {"pitch": 0.0138, "yaw": 1.68649, "roll": 0.1341}}
{"id": "0", "time": 232.06526, "angles": {"pitch": 0.01323, "yaw": 1.68446, "roll": 0.13292}}
{"id": "0", "time": 232.11358, "angles": {"pitch": 0.0133, "yaw": 1.68234, "roll": 0.13304}}
{"id": "0", "time": 232.1624, "angles": {"pitch": 0.01314, "yaw": 1.68261, "roll": 0.13332}}
{"id": "0", "time": 232.21516, "angles": {"pitch": 0.01433, "yaw": 1.67899, "roll": 0.13296}}
{"id": "0", "time": 232.26394, "angles": {"pitch": 0.01384, "yaw": 1.6787, "roll": 0.13338}}
{"id": "0", "time": 232.31274, "angles": {"pitch": 0.01395, "yaw": 1.67912, "roll": 0.13265}}
{"id": "0", "time": 232.36546, "angles": {"pitch": 0.01397, "yaw": 1.67699, "roll": 0.13629}}
{"id": "0", "time": 232.41423, "angles": {"pitch": 0.01411, "yaw": 1.67679, "roll": 0.1369}}
{"id": "0", "time": 232.46303, "angles": {"pitch": 0.01424, "yaw": 1.6762, "roll": 0.1364}}
{"id": "0", "time": 232.51571, "angles": {"pitch": 0.01475, "yaw": 1.67429, "roll": 0.13646}}
{"id": "0", "time": 232.56453, "angles": {"pitch": 0.01483, "yaw": 1.67392, "roll": 0.1348}}
{"id": "0", "time": 232.6133, "angles": {"pitch": 0.01448, "yaw": 1.67363, "roll": 0.13407}}
{"id": "0", "time": 232.666, "angles": {"pitch": 0.01378, "yaw": 1.67389, "roll": 0.13485}}
{"id": "0", "time": 232.71428, "angles": {"pitch": 0.01349, "yaw": 1.67425, "roll": 0.13447}}
{"id": "0", "time": 232.76287, "angles": {"pitch": 0.01281, "yaw": 1.67483, "roll": 0.13417}}
{"id": "0", "time": 232.81561, "angles": {"pitch": 0.01272, "yaw": 1.6748, "roll": 0.13483}}
{"id": "0", "time": 232.86444, "angles": {"pitch": 0.01334, "yaw": 1.67493, "roll": 0.13401}}
{"id": "0", "time": 232.9128, "angles": {"pitch": 0.01273, "yaw": 1.67551, "roll": 0.13501}}
{"id": "0", "time": 232.96504, "angles": {"pitch": 0.01418, "yaw": 1.67523, "roll": 0.13316}}
{"id": "0", "time": 233.01363, "angles": {"pitch": 0.01364, "yaw": 1.67781, "roll": 0.13329}}
{"id": "0", "time": 233.06244, "angles": {"pitch": 0.01396, "yaw": 1.67718, "roll": 0.13304}}
{"id": "0", "time": 233.11516, "angles": {"pitch": 0.01346, "yaw": 1.67886, "roll": 0.13293}}
{"id": "0", "time": 233.16396, "angles": {"pitch": 0.01408, "yaw": 1.67754, "roll": 0.13204}}
{"id": "0", "time": 233.21277, "angles": {"pitch": 0.01448, "yaw": 1.6774, "roll": 0.1326}}
{"id": "0", "time": 233.26547, "angles": {"pitch": 0.01483, "yaw": 1.6771, "roll": 0.13247}}
{"id": "0", "time": 233.31427, "angles": {"pitch": 0.01478, "yaw": 1.67713, "roll": 0.13115}}
{"id": "0", "time": 233.36308, "angles": {"pitch": 0.01501, "yaw": 1.67589, "roll": 0.13123}}
{"id": "0", "time": 233.41582, "angles": {"pitch": 0.014, "yaw": 1.67649, "roll": 0.13227}}
{"id": "0", "time": 233.46471, "angles": {"pitch": 0.01359, "yaw": 1.6766, "roll": 0.13279}}
{"id": "0", "time": 233.51358, "angles": {"pitch": 0.0134, "yaw": 1.67657, "roll": 0.13263}}
{"id": "0", "time": 233.56585, "angles": {"pitch": 0.01423, "yaw": 1.67776, "roll": 0.13261}}
{"id": "0", "time": 233.61449, "angles": {"pitch": 0.01366, "yaw": 1.67779, "roll": 0.13245}}
{"id": "0", "time": 233.66336, "angles": {"pitch": 0.01337, "yaw": 1.67743, "roll": 0.13282}}
{"id": "0", "time": 233.71221, "angles": {"pitch": 0.01358, "yaw": 1.6779, "roll": 0.13224}}
{"id": "0", "time": 233.76448, "angles": {"pitch": 0.01351, "yaw": 1.68035, "roll": 0.13362}}
{"id": "0", "time": 233.81302, "angles": {"pitch": 0.01364, "yaw": 1.67744, "roll": 0.1326}}
{"id": "0", "time": 233.86579, "angles": {"pitch": 0.01443, "yaw": 1.67556, "roll": 0.13189}}
{"id": "0", "time": 233.91464, "angles": {"pitch": 0.0142, "yaw": 1.67683, "roll": 0.13113}}
{"id": "0", "time": 233.96346, "angles": {"pitch": 0.01471, "yaw": 1.67737, "roll": 0.13092}}
{"id": "0", "time": 234.01237, "angles": {"pitch": 0.01441, "yaw": 1.67771, "roll": 0.13113}}
{"id": "0", "time": 234.06513, "angles": {"pitch": 0.01467, "yaw": 1.67734, "roll": 0.13111}}
{"id": "0", "time": 234.11398, "angles": {"pitch": 0.01464, "yaw": 1.67637, "roll": 0.13128}}
{"id": "0", "time": 234.1628, "angles": {"pitch": 0.0148, "yaw": 1.67743, "roll": 0.13073}}
{"id": "0", "time": 234.21557, "angles": {"pitch": 0.01456, "yaw": 1.67716, "roll": 0.13062}}
{"id": "0", "time": 234.26441, "angles": {"pitch": 0.01336, "yaw": 1.67962, "roll": 0.13136}}
{"id": "0", "time": 234.31294, "angles": {"pitch": 0.01488, "yaw": 1.67647, "roll": 0.13265}}
{"id": "0", "time": 234.3652, "angles": {"pitch": 0.0148, "yaw": 1.67641, "roll": 0.1312}}
{"id": "0", "time": 234.41354, "angles": {"pitch": 0.01363, "yaw": 1.67789, "roll": 0.13109}}
{"id": "0", "time": 234.46239, "angles": {"pitch": 0.01365, "yaw": 1.67841, "roll": 0.13107}}
{"id": "0", "time": 234.51505, "angles": {"pitch": 0.01341, "yaw": 1.67938, "roll": 0.13227}}
{"id": "0", "time": 234.5639, "angles": {"pitch": 0.01383, "yaw": 1.67947, "roll": 0.13205}}
{"id": "0", "time": 234.61276, "angles": {"pitch": 0.01406, "yaw": 1.67874, "roll": 0.1324}}
{"id": "0", "time": 234.66553, "angles": {"pitch": 0.01422, "yaw": 1.67726, "roll": 0.13215}}
{"id": "0", "time": 234.71437, "angles": {"pitch": 0.01445, "yaw": 1.67731, "roll": 0.131}}
{"id": "0", "time": 234.76292, "angles": {"pitch": 0.01438, "yaw": 1.67752, "roll": 0.13109}}
{"id": "0", "time": 234.81567, "angles": {"pitch": 0.01506, "yaw": 1.67611, "roll": 0.1312}}
{"id": "0", "time": 234.86451, "angles": {"pitch": 0.0147, "yaw": 1.67666, "roll": 0.13061}}
{"id": "0", "time": 234.91336, "angles": {"pitch": 0.01397, "yaw": 1.67802, "roll": 0.1309}}
{"id": "0", "time": 234.96223, "angles": {"pitch": 0.0143, "yaw": 1.67755, "roll": 0.13184}}
{"id": "0", "time": 235.01502, "angles": {"pitch": 0.01354, "yaw": 1.6792, "roll": 0.1334}}
{"id": "0", "time": 235.06387, "angles": {"pitch": 0.0141, "yaw": 1.67916, "roll": 0.1319}}
{"id": "0", "time": 235.11247, "angles": {"pitch": 0.01377, "yaw": 1.67901, "roll": 0.13147}}
{"id": "0", "time": 235.165, "angles": {"pitch": 0.0143, "yaw": 1.67777, "roll": 0.13132}}
{"id": "0", "time": 235.2138, "angles": {"pitch": 0.01459, "yaw": 1.67708, "roll": 0.13196}}
{"id": "0", "time": 235.26265, "angles": {"pitch": 0.01344, "yaw": 1.67832, "roll": 0.13233}}
{"id": "0", "time": 235.31494, "angles": {"pitch": 0.01341, "yaw": 1.67871, "roll": 0.13123}}
{"id": "0", "time": 235.36328, "angles": {"pitch": 0.01385, "yaw": 1.67885, "roll": 0.13129}}
{"id": "0", "time": 235.41576, "angles": {"pitch": 0.01413, "yaw": 1.67742, "roll": 0.13126}}
{"id": "0", "time": 235.4646, "angles": {"pitch": 0.01447, "yaw": 1.6777, "roll": 0.13022}}
{"id": "0", "time": 235.5134, "angles": {"pitch": 0.01371, "yaw": 1.67917, "roll": 0.13167}}
{"id": "0", "time": 235.56226, "angles": {"pitch": 0.01359, "yaw": 1.68074, "roll": 0.13203}}
{"id": "0", "time": 235.61503, "angles": {"pitch": 0.01383, "yaw": 1.67815, "roll": 0.13174}}
{"id": "0", "time": 235.6639, "angles": {"pitch": 0.01371, "yaw": 1.67787, "roll": 0.13192}}
{"id": "0", "time": 235.71277, "angles": {"pitch": 0.01301, "yaw": 1.67885, "roll": 0.1318}}
{"id": "0", "time": 235.76551, "angles": {"pitch": 0.01467, "yaw": 1.67866, "roll": 0.13266}}
{"id": "0", "time": 235.8144, "angles": {"pitch": 0.01355, "yaw": 1.67905, "roll": 0.13262}}
{"id": "0", "time": 235.86327, "angles": {"pitch": 0.01428, "yaw": 1.67847, "roll": 0.13086}}
{"id": "0", "time": 235.9157, "angles": {"pitch": 0.01498, "yaw": 1.67761, "roll": 0.13054}}
{"id": "0", "time": 235.96405, "angles": {"pitch": 0.01415, "yaw": 1.67685, "roll": 0.12964}}
{"id": "0", "time": 236.01247, "angles": {"pitch": 0.01416, "yaw": 1.67682, "roll": 0.12978}}
{"id": "0", "time": 236.06497, "angles": {"pitch": 0.01388, "yaw": 1.67716, "roll": 0.13055}}
{"id": "0", "time": 236.11382, "angles": {"pitch": 0.01417, "yaw": 1.67664, "roll": 0.13258}}
{"id": "0", "time": 236.16266, "angles": {"pitch": 0.01422, "yaw": 1.67639, "roll": 0.13182}}
{"id": "0", "time": 236.21516, "angles": {"pitch": 0.01402, "yaw": 1.67696, "roll": 0.13236}}
{"id": "0", "time": 236.26375, "angles": {"pitch": 0.0138, "yaw": 1.67764, "roll": 0.131}}
{"id": "0", "time": 236.31258, "angles": {"pitch": 0.01349, "yaw": 1.67893, "roll": 0.13191}}
{"id": "0", "time": 236.36533, "angles": {"pitch": 0.01365, "yaw": 1.67906, "roll": 0.13196}}
{"id": "0", "time": 236.41417, "angles": {"pitch": 0.01445, "yaw": 1.67701, "roll": 0.13211}}
